#
# A fatal error has been detected by the Java Runtime Environment:
#
#  SIGSEGV (0xb) at pc=0x00007f1f5740dabe, pid=12249, tid=139772373296896
#
# JRE version: 7.0_21-b11
# Java VM: Java HotSpot(TM) 64-Bit Server VM (23.21-b01 mixed mode linux-amd64 compressed oops)
# Problematic frame:
# V  [libjvm.so+0x5d2abe]  JNIHandles::checked_resolve_jmethod_id(_jmethodID*)+0xe
#
# Failed to write core dump. Core dumps have been disabled. To enable core dumping, try "ulimit -c unlimited" before starting Java again
#
# If you would like to submit a bug report, please visit:
#   http://bugreport.sun.com/bugreport/crash.jsp
#

---------------  T H R E A D  ---------------

Current thread (0x00007f1f500f2800):  JavaThread "JDWP Transport Listener: dt_socket" daemon [_thread_in_vm, id=12266, stack(0x00007f1f4a98e000,0x00007f1f4aa8f000)]

siginfo:si_signo=SIGSEGV: si_errno=0, si_code=128 (), si_addr=0x0000000000000000

Registers:
RAX=0x0000000000000001, RBX=0x00007f1f50004c30, RCX=0x00007f1f585552e0, RDX=0x00007f1f57b378a0
RSP=0x00007f1f4aa8d680, RBP=0x00007f1f4aa8d690, RSI=0x00007f1f500f2800, RDI=0x6a4c293b676e6972
R8 =0x0000000000000028, R9 =0x0000000000000000, R10=0x0000000000532f67, R11=0x676e697274000000
R12=0x0000000000000017, R13=0x6a4c293b676e6972, R14=0x00007f1f500f2800, R15=0x00007f1f4aa8d797
RIP=0x00007f1f5740dabe, EFLAGS=0x0000000000010206, CSGSFS=0x0000000000000033, ERR=0x0000000000000000
  TRAPNO=0x000000000000000d

Top of Stack: (sp=0x00007f1f4aa8d680)
0x00007f1f4aa8d680:   0000000000000074 00007f1f50004c30
0x00007f1f4aa8d690:   00007f1f4aa8d700 00007f1f573ff8ee
0x00007f1f4aa8d6a0:   00007f1f30006af0 00007f1f4aa8d6b0
0x00007f1f4aa8d6b0:   00007f1f500f2800 0000000000000000
0x00007f1f4aa8d6c0:   00007f1f00000000 0000000000000000
0x00007f1f4aa8d6d0:   00007f1f4aa8d800 00007f1f564fde40
0x00007f1f4aa8d6e0:   6a4c293b676e6972 00007f1f4aa8d797
0x00007f1f4aa8d6f0:   000000000000000a 00007f1f4aa8d797
0x00007f1f4aa8d700:   00007f1f4aa8d730 00007f1f562e92f2
0x00007f1f4aa8d710:   00007f1f4aa8d730 6a4c293b676e6972
0x00007f1f4aa8d720:   00007f1f4aa8d800 0000000000000050
0x00007f1f4aa8d730:   00007f1f4aa8d7c0 00007f1f562ca980
0x00007f1f4aa8d740:   00007f1f4aa8d778 00007f1f4aa8d770
0x00007f1f4aa8d750:   00007f1f4aa8d768 00007f1f4aa8d78c
0x00007f1f4aa8d760:   0000000130002f20 0000000000000000
0x00007f1f4aa8d770:   0000000000000000 0000000000000000
0x00007f1f4aa8d780:   00007f1f30006a40 0000000a4aa8d800
0x00007f1f4aa8d790:   000000000000000b 0000000000000002
0x00007f1f4aa8d7a0:   000000000000000f 0000000000000002
0x00007f1f4aa8d7b0:   00000000000f0200 000000000000000f
0x00007f1f4aa8d7c0:   00007f1f4aa8da10 00007f1f562d5806
0x00007f1f4aa8d7d0:   00001e0a00000013 00007f1f570f0200
0x00007f1f4aa8d7e0:   00007f1f24000fb0 00007f1f500f3b50
0x00007f1f4aa8d7f0:   00007f1f4aa8d800 00007f1f4aa8d990
0x00007f1f4aa8d800:   00007f1f30006f61 00007f1f00000117
0x00007f1f4aa8d810:   00007f1f30006880 00007f1f0000012c
0x00007f1f4aa8d820:   00007f1f4aa8d850 00007f1f30006880
0x00007f1f4aa8d830:   00007f0000000000 00001e0a00000051
0x00007f1f4aa8d840:   00007f1f0000d880 00007f1f4aa8d850
0x00007f1f4aa8d850:   1f7f00000b000000 06000000602d0a50
0x00007f1f4aa8d860:   00003e74696e693c 0000005629280300
0x00007f1f4aa8d870:   7f00000100000000 000000a82d0a501f 

Instructions: (pc=0x00007f1f5740dabe)
0x00007f1f5740da9e:   00 00 4c 89 f7 e8 58 88 1f 00 e9 4f ff ff ff 90
0x00007f1f5740daae:   90 90 55 48 89 e5 53 48 83 ec 08 48 85 ff 74 3c
0x00007f1f5740dabe:   48 8b 1f 48 85 db 74 34 48 b8 fe fe fe fe fe fe
0x00007f1f5740dace:   fe fe 48 39 c3 74 25 48 8b 05 b4 31 6f 00 80 38 

Register to memory mapping:

RAX=0x0000000000000001 is an unknown value
RBX=0x00007f1f50004c30 is an unknown value
RCX=0x00007f1f585552e0: <offset 0x2182e0> in /lib/x86_64-linux-gnu/libpthread.so.0 at 0x00007f1f5833d000
RDX=0x00007f1f57b378a0: <offset 0xcfc8a0> in /usr/lib/jvm/java-7-oracle/jre/lib/amd64/server/libjvm.so at 0x00007f1f56e3b000
RSP=0x00007f1f4aa8d680 is pointing into the stack for thread: 0x00007f1f500f2800
RBP=0x00007f1f4aa8d690 is pointing into the stack for thread: 0x00007f1f500f2800
RSI=0x00007f1f500f2800 is a thread
RDI=0x6a4c293b676e6972 is an unknown value
R8 =0x0000000000000028 is an unknown value
R9 =0x0000000000000000 is an unknown value
R10=0x0000000000532f67 is an unknown value
R11=0x676e697274000000 is an unknown value
R12=0x0000000000000017 is an unknown value
R13=0x6a4c293b676e6972 is an unknown value
R14=0x00007f1f500f2800 is a thread
R15=0x00007f1f4aa8d797 is pointing into the stack for thread: 0x00007f1f500f2800


Stack: [0x00007f1f4a98e000,0x00007f1f4aa8f000],  sp=0x00007f1f4aa8d680,  free space=1021k
Native frames: (J=compiled Java code, j=interpreted, Vv=VM code, C=native code)
V  [libjvm.so+0x5d2abe]  JNIHandles::checked_resolve_jmethod_id(_jmethodID*)+0xe
V  [libjvm.so+0x5c48ee]  jvmti_IsMethodSynthetic+0x22e
C  [libjdwp.so+0x252f2]  isMethodSynthetic+0x42
C  [libjdwp.so+0x6980]  methods1+0x1b0
C  [libjdwp.so+0x11806]  debugLoop_run+0x2b6
C  [libjdwp.so+0x2422f]  attachThread+0x2f
V  [libjvm.so+0x627487]  JvmtiAgentThread::call_start_function()+0x97
V  [libjvm.so+0x867578]  JavaThread::thread_main_inner()+0xc8
V  [libjvm.so+0x8676c8]  JavaThread::run()+0x138
V  [libjvm.so+0x749010]  java_start(Thread*)+0x100


---------------  P R O C E S S  ---------------

Java Threads: ( => current thread )
  0x00007f1f500fd800 JavaThread "Service Thread" daemon [_thread_blocked, id=12275, stack(0x00007f1f4a489000,0x00007f1f4a58a000)]
  0x00007f1f500fb800 JavaThread "C2 CompilerThread1" daemon [_thread_blocked, id=12274, stack(0x00007f1f4a58a000,0x00007f1f4a68b000)]
  0x00007f1f500f8800 JavaThread "C2 CompilerThread0" daemon [_thread_blocked, id=12273, stack(0x00007f1f4a68b000,0x00007f1f4a78c000)]
  0x00007f1f30001000 JavaThread "JDWP Command Reader" daemon [_thread_in_native, id=12270, stack(0x00007f1f4a78c000,0x00007f1f4a88d000)]
  0x00007f1f500f6000 JavaThread "JDWP Event Helper Thread" daemon [_thread_blocked, id=12269, stack(0x00007f1f4a88d000,0x00007f1f4a98e000)]
=>0x00007f1f500f2800 JavaThread "JDWP Transport Listener: dt_socket" daemon [_thread_in_vm, id=12266, stack(0x00007f1f4a98e000,0x00007f1f4aa8f000)]
  0x00007f1f500e6000 JavaThread "Signal Dispatcher" daemon [_thread_blocked, id=12264, stack(0x00007f1f4ac93000,0x00007f1f4ad94000)]
  0x00007f1f5009a000 JavaThread "Finalizer" daemon [_thread_blocked, id=12262, stack(0x00007f1f4ad94000,0x00007f1f4ae95000)]
  0x00007f1f50097800 JavaThread "Reference Handler" daemon [_thread_blocked, id=12261, stack(0x00007f1f4ae95000,0x00007f1f4af96000)]
  0x00007f1f5000b000 JavaThread "main" [_thread_blocked, id=12255, stack(0x00007f1f5865b000,0x00007f1f5875c000)]

Other Threads:
  0x00007f1f50090000 VMThread [stack: 0x00007f1f4af96000,0x00007f1f4b097000] [id=12260]
  0x00007f1f50108000 WatcherThread [stack: 0x00007f1f4a388000,0x00007f1f4a489000] [id=12276]

VM state:not at safepoint (normal execution)

VM Mutex/Monitor currently owned by a thread: None

Heap
 PSYoungGen      total 12864K, used 897K [0x00000000f1a00000, 0x00000000f2850000, 0x0000000100000000)
  eden space 11072K, 8% used [0x00000000f1a00000,0x00000000f1ae0530,0x00000000f24d0000)
  from space 1792K, 0% used [0x00000000f2690000,0x00000000f2690000,0x00000000f2850000)
  to   space 1792K, 0% used [0x00000000f24d0000,0x00000000f24d0000,0x00000000f2690000)
 ParOldGen       total 29440K, used 0K [0x00000000d4e00000, 0x00000000d6ac0000, 0x00000000f1a00000)
  object space 29440K, 0% used [0x00000000d4e00000,0x00000000d4e00000,0x00000000d6ac0000)
 PSPermGen       total 21248K, used 2925K [0x00000000cfc00000, 0x00000000d10c0000, 0x00000000d4e00000)
  object space 21248K, 13% used [0x00000000cfc00000,0x00000000cfedb728,0x00000000d10c0000)

Card table byte_map: [0x00007f1f54e06000,0x00007f1f54f89000] byte_map_base: 0x00007f1f54788000

Polling page: 0x00007f1f58779000

Code Cache  [0x00007f1f4d000000, 0x00007f1f4d270000, 0x00007f1f50000000)
 total_blobs=154 nmethods=0 adapters=130 free_code_cache=48779Kb largest_free_block=49950144

Compilation events (0 events):
No events

GC Heap History (0 events):
No events

Deoptimization events (0 events):
No events

Internal exceptions (7 events):
Event: 0.043 Thread 0x00007f1f5000b000 Threw 0x00000000f1a061b0 at /HUDSON/workspace/jdk7u21-2-build-linux-amd64-product/jdk7u21/hotspot/src/share/vm/prims/jni.cpp:3994
Event: 0.160 Thread 0x00007f1f5000b000 Threw 0x00000000f1a48b90 at /HUDSON/workspace/jdk7u21-2-build-linux-amd64-product/jdk7u21/hotspot/src/share/vm/prims/jvm.cpp:1166
Event: 0.176 Thread 0x00007f1f5000b000 Threw 0x00000000f1a50238 at /HUDSON/workspace/jdk7u21-2-build-linux-amd64-product/jdk7u21/hotspot/src/share/vm/prims/jvm.cpp:1166
Event: 0.178 Thread 0x00007f1f5000b000 Threw 0x00000000f1a5d648 at /HUDSON/workspace/jdk7u21-2-build-linux-amd64-product/jdk7u21/hotspot/src/share/vm/prims/jvm.cpp:1166
Event: 0.181 Thread 0x00007f1f5000b000 Threw 0x00000000f1a5fb58 at /HUDSON/workspace/jdk7u21-2-build-linux-amd64-product/jdk7u21/hotspot/src/share/vm/prims/jvm.cpp:1166
Event: 0.182 Thread 0x00007f1f5000b000 Threw 0x00000000f1a63f90 at /HUDSON/workspace/jdk7u21-2-build-linux-amd64-product/jdk7u21/hotspot/src/share/vm/prims/jvm.cpp:1166
Event: 0.185 Thread 0x00007f1f5000b000 Threw 0x00000000f1a692f8 at /HUDSON/workspace/jdk7u21-2-build-linux-amd64-product/jdk7u21/hotspot/src/share/vm/prims/jvm.cpp:1166

Events (10 events):
Event: 4768.035 Executing VM operation: EnterInterpOnlyMode
Event: 4768.035 Executing VM operation: EnterInterpOnlyMode done
Event: 4768.035 Executing VM operation: GetCurrentLocation
Event: 4768.035 Executing VM operation: GetCurrentLocation done
Event: 4768.035 Executing VM operation: ChangeSingleStep
Event: 4768.035 Executing VM operation: ChangeSingleStep done
Event: 4768.035 Executing VM operation: ChangeSingleStep
Event: 4768.035 Executing VM operation: ChangeSingleStep done
Event: 5298.024 Executing VM operation: RedefineClasses
Event: 5298.025 Executing VM operation: RedefineClasses done


Dynamic libraries:
00400000-00401000 r-xp 00000000 08:05 275077                             /usr/lib/jvm/java-7-oracle/bin/java
00600000-00601000 rw-p 00000000 08:05 275077                             /usr/lib/jvm/java-7-oracle/bin/java
01bc6000-01be7000 rw-p 00000000 00:00 0                                  [heap]
cfc00000-d10c0000 rw-p 00000000 00:00 0 
d10c0000-d4e00000 rw-p 00000000 00:00 0 
d4e00000-d6ac0000 rw-p 00000000 00:00 0 
d6ac0000-f1a00000 rw-p 00000000 00:00 0 
f1a00000-f2850000 rw-p 00000000 00:00 0 
f2850000-100000000 rw-p 00000000 00:00 0 
7f1f14000000-7f1f14021000 rw-p 00000000 00:00 0 
7f1f14021000-7f1f18000000 ---p 00000000 00:00 0 
7f1f18000000-7f1f18021000 rw-p 00000000 00:00 0 
7f1f18021000-7f1f1c000000 ---p 00000000 00:00 0 
7f1f1c000000-7f1f1c021000 rw-p 00000000 00:00 0 
7f1f1c021000-7f1f20000000 ---p 00000000 00:00 0 
7f1f20000000-7f1f20021000 rw-p 00000000 00:00 0 
7f1f20021000-7f1f24000000 ---p 00000000 00:00 0 
7f1f24000000-7f1f24021000 rw-p 00000000 00:00 0 
7f1f24021000-7f1f28000000 ---p 00000000 00:00 0 
7f1f28000000-7f1f28021000 rw-p 00000000 00:00 0 
7f1f28021000-7f1f2c000000 ---p 00000000 00:00 0 
7f1f2c000000-7f1f2c021000 rw-p 00000000 00:00 0 
7f1f2c021000-7f1f30000000 ---p 00000000 00:00 0 
7f1f30000000-7f1f30021000 rw-p 00000000 00:00 0 
7f1f30021000-7f1f34000000 ---p 00000000 00:00 0 
7f1f34000000-7f1f34021000 rw-p 00000000 00:00 0 
7f1f34021000-7f1f38000000 ---p 00000000 00:00 0 
7f1f38000000-7f1f38021000 rw-p 00000000 00:00 0 
7f1f38021000-7f1f3c000000 ---p 00000000 00:00 0 
7f1f3c000000-7f1f3c021000 rw-p 00000000 00:00 0 
7f1f3c021000-7f1f40000000 ---p 00000000 00:00 0 
7f1f40000000-7f1f40021000 rw-p 00000000 00:00 0 
7f1f40021000-7f1f44000000 ---p 00000000 00:00 0 
7f1f44000000-7f1f44021000 rw-p 00000000 00:00 0 
7f1f44021000-7f1f48000000 ---p 00000000 00:00 0 
7f1f4a190000-7f1f4a388000 rw-p 00000000 00:00 0 
7f1f4a388000-7f1f4a389000 ---p 00000000 00:00 0 
7f1f4a389000-7f1f4a489000 rw-p 00000000 00:00 0                          [stack:12276]
7f1f4a489000-7f1f4a48c000 ---p 00000000 00:00 0 
7f1f4a48c000-7f1f4a58a000 rw-p 00000000 00:00 0                          [stack:12275]
7f1f4a58a000-7f1f4a58d000 ---p 00000000 00:00 0 
7f1f4a58d000-7f1f4a68b000 rw-p 00000000 00:00 0                          [stack:12274]
7f1f4a68b000-7f1f4a68e000 ---p 00000000 00:00 0 
7f1f4a68e000-7f1f4a78c000 rw-p 00000000 00:00 0                          [stack:12273]
7f1f4a78c000-7f1f4a78f000 ---p 00000000 00:00 0 
7f1f4a78f000-7f1f4a88d000 rw-p 00000000 00:00 0                          [stack:12270]
7f1f4a88d000-7f1f4a890000 ---p 00000000 00:00 0 
7f1f4a890000-7f1f4a98e000 rw-p 00000000 00:00 0                          [stack:12269]
7f1f4a98e000-7f1f4a991000 ---p 00000000 00:00 0 
7f1f4a991000-7f1f4aa8f000 rw-p 00000000 00:00 0                          [stack:12266]
7f1f4aa8f000-7f1f4aa93000 r-xp 00000000 08:05 2642396                    /usr/lib/jvm/java-7-oracle/jre/lib/amd64/libdt_socket.so
7f1f4aa93000-7f1f4ac92000 ---p 00004000 08:05 2642396                    /usr/lib/jvm/java-7-oracle/jre/lib/amd64/libdt_socket.so
7f1f4ac92000-7f1f4ac93000 rw-p 00003000 08:05 2642396                    /usr/lib/jvm/java-7-oracle/jre/lib/amd64/libdt_socket.so
7f1f4ac93000-7f1f4ac96000 ---p 00000000 00:00 0 
7f1f4ac96000-7f1f4ad94000 rw-p 00000000 00:00 0                          [stack:12264]
7f1f4ad94000-7f1f4ad97000 ---p 00000000 00:00 0 
7f1f4ad97000-7f1f4ae95000 rw-p 00000000 00:00 0                          [stack:12262]
7f1f4ae95000-7f1f4ae98000 ---p 00000000 00:00 0 
7f1f4ae98000-7f1f4af96000 rw-p 00000000 00:00 0                          [stack:12261]
7f1f4af96000-7f1f4af97000 ---p 00000000 00:00 0 
7f1f4af97000-7f1f4d000000 rw-p 00000000 00:00 0                          [stack:12260]
7f1f4d000000-7f1f4d270000 rwxp 00000000 00:00 0 
7f1f4d270000-7f1f5013a000 rw-p 00000000 00:00 0 
7f1f5013a000-7f1f54000000 ---p 00000000 00:00 0 
7f1f54075000-7f1f54308000 rw-p 00000000 00:00 0 
7f1f54308000-7f1f544c5000 r--s 039de000 08:05 2642370                    /usr/lib/jvm/java-7-oracle/jre/lib/rt.jar
7f1f544c5000-7f1f54af5000 rw-p 00000000 00:00 0 
7f1f54af5000-7f1f54af6000 ---p 00000000 00:00 0 
7f1f54af6000-7f1f54bf6000 rw-p 00000000 00:00 0                          [stack:12257]
7f1f54bf6000-7f1f54bf7000 ---p 00000000 00:00 0 
7f1f54bf7000-7f1f54d02000 rw-p 00000000 00:00 0                          [stack:12256]
7f1f54d02000-7f1f54d20000 rw-p 00000000 00:00 0 
7f1f54d20000-7f1f54d2f000 rw-p 00000000 00:00 0 
7f1f54d2f000-7f1f54e06000 rw-p 00000000 00:00 0 
7f1f54e06000-7f1f54e11000 rw-p 00000000 00:00 0 
7f1f54e11000-7f1f54e2f000 rw-p 00000000 00:00 0 
7f1f54e2f000-7f1f54e3e000 rw-p 00000000 00:00 0 
7f1f54e3e000-7f1f54f15000 rw-p 00000000 00:00 0 
7f1f54f15000-7f1f54f1d000 rw-p 00000000 00:00 0 
7f1f54f1d000-7f1f54f88000 rw-p 00000000 00:00 0 
7f1f54f88000-7f1f54f89000 rw-p 00000000 00:00 0 
7f1f54f89000-7f1f54fa3000 r-xp 00000000 08:05 2642414                    /usr/lib/jvm/java-7-oracle/jre/lib/amd64/libzip.so
7f1f54fa3000-7f1f551a3000 ---p 0001a000 08:05 2642414                    /usr/lib/jvm/java-7-oracle/jre/lib/amd64/libzip.so
7f1f551a3000-7f1f551a4000 rw-p 0001a000 08:05 2642414                    /usr/lib/jvm/java-7-oracle/jre/lib/amd64/libzip.so
7f1f551a4000-7f1f551b0000 r-xp 00000000 08:05 2367738                    /lib/x86_64-linux-gnu/libnss_files-2.15.so
7f1f551b0000-7f1f553af000 ---p 0000c000 08:05 2367738                    /lib/x86_64-linux-gnu/libnss_files-2.15.so
7f1f553af000-7f1f553b0000 r--p 0000b000 08:05 2367738                    /lib/x86_64-linux-gnu/libnss_files-2.15.so
7f1f553b0000-7f1f553b1000 rw-p 0000c000 08:05 2367738                    /lib/x86_64-linux-gnu/libnss_files-2.15.so
7f1f553b1000-7f1f553bb000 r-xp 00000000 08:05 2367742                    /lib/x86_64-linux-gnu/libnss_nis-2.15.so
7f1f553bb000-7f1f555bb000 ---p 0000a000 08:05 2367742                    /lib/x86_64-linux-gnu/libnss_nis-2.15.so
7f1f555bb000-7f1f555bc000 r--p 0000a000 08:05 2367742                    /lib/x86_64-linux-gnu/libnss_nis-2.15.so
7f1f555bc000-7f1f555bd000 rw-p 0000b000 08:05 2367742                    /lib/x86_64-linux-gnu/libnss_nis-2.15.so
7f1f555bd000-7f1f555d4000 r-xp 00000000 08:05 2367732                    /lib/x86_64-linux-gnu/libnsl-2.15.so
7f1f555d4000-7f1f557d3000 ---p 00017000 08:05 2367732                    /lib/x86_64-linux-gnu/libnsl-2.15.so
7f1f557d3000-7f1f557d4000 r--p 00016000 08:05 2367732                    /lib/x86_64-linux-gnu/libnsl-2.15.so
7f1f557d4000-7f1f557d5000 rw-p 00017000 08:05 2367732                    /lib/x86_64-linux-gnu/libnsl-2.15.so
7f1f557d5000-7f1f557d7000 rw-p 00000000 00:00 0 
7f1f557d7000-7f1f557df000 r-xp 00000000 08:05 2367734                    /lib/x86_64-linux-gnu/libnss_compat-2.15.so
7f1f557df000-7f1f559de000 ---p 00008000 08:05 2367734                    /lib/x86_64-linux-gnu/libnss_compat-2.15.so
7f1f559de000-7f1f559df000 r--p 00007000 08:05 2367734                    /lib/x86_64-linux-gnu/libnss_compat-2.15.so
7f1f559df000-7f1f559e0000 rw-p 00008000 08:05 2367734                    /lib/x86_64-linux-gnu/libnss_compat-2.15.so
7f1f559e0000-7f1f560c1000 r--p 00000000 08:05 2502192                    /usr/lib/locale/locale-archive
7f1f560c1000-7f1f560c4000 r-xp 00000000 08:05 2642431                    /usr/lib/jvm/java-7-oracle/jre/lib/amd64/libnpt.so
7f1f560c4000-7f1f562c3000 ---p 00003000 08:05 2642431                    /usr/lib/jvm/java-7-oracle/jre/lib/amd64/libnpt.so
7f1f562c3000-7f1f562c4000 rw-p 00002000 08:05 2642431                    /usr/lib/jvm/java-7-oracle/jre/lib/amd64/libnpt.so
7f1f562c4000-7f1f562fd000 r-xp 00000000 08:05 2642384                    /usr/lib/jvm/java-7-oracle/jre/lib/amd64/libjdwp.so
7f1f562fd000-7f1f564fc000 ---p 00039000 08:05 2642384                    /usr/lib/jvm/java-7-oracle/jre/lib/amd64/libjdwp.so
7f1f564fc000-7f1f564fe000 rw-p 00038000 08:05 2642384                    /usr/lib/jvm/java-7-oracle/jre/lib/amd64/libjdwp.so
7f1f564fe000-7f1f56527000 r-xp 00000000 08:05 2642424                    /usr/lib/jvm/java-7-oracle/jre/lib/amd64/libjava.so
7f1f56527000-7f1f56727000 ---p 00029000 08:05 2642424                    /usr/lib/jvm/java-7-oracle/jre/lib/amd64/libjava.so
7f1f56727000-7f1f56729000 rw-p 00029000 08:05 2642424                    /usr/lib/jvm/java-7-oracle/jre/lib/amd64/libjava.so
7f1f56729000-7f1f56736000 r-xp 00000000 08:05 2642382                    /usr/lib/jvm/java-7-oracle/jre/lib/amd64/libverify.so
7f1f56736000-7f1f56935000 ---p 0000d000 08:05 2642382                    /usr/lib/jvm/java-7-oracle/jre/lib/amd64/libverify.so
7f1f56935000-7f1f56937000 rw-p 0000c000 08:05 2642382                    /usr/lib/jvm/java-7-oracle/jre/lib/amd64/libverify.so
7f1f56937000-7f1f5693e000 r-xp 00000000 08:05 2367777                    /lib/x86_64-linux-gnu/librt-2.15.so
7f1f5693e000-7f1f56b3d000 ---p 00007000 08:05 2367777                    /lib/x86_64-linux-gnu/librt-2.15.so
7f1f56b3d000-7f1f56b3e000 r--p 00006000 08:05 2367777                    /lib/x86_64-linux-gnu/librt-2.15.so
7f1f56b3e000-7f1f56b3f000 rw-p 00007000 08:05 2367777                    /lib/x86_64-linux-gnu/librt-2.15.so
7f1f56b3f000-7f1f56c3a000 r-xp 00000000 08:05 2367715                    /lib/x86_64-linux-gnu/libm-2.15.so
7f1f56c3a000-7f1f56e39000 ---p 000fb000 08:05 2367715                    /lib/x86_64-linux-gnu/libm-2.15.so
7f1f56e39000-7f1f56e3a000 r--p 000fa000 08:05 2367715                    /lib/x86_64-linux-gnu/libm-2.15.so
7f1f56e3a000-7f1f56e3b000 rw-p 000fb000 08:05 2367715                    /lib/x86_64-linux-gnu/libm-2.15.so
7f1f56e3b000-7f1f57885000 r-xp 00000000 08:05 2770744                    /usr/lib/jvm/java-7-oracle/jre/lib/amd64/server/libjvm.so
7f1f57885000-7f1f57a84000 ---p 00a4a000 08:05 2770744                    /usr/lib/jvm/java-7-oracle/jre/lib/amd64/server/libjvm.so
7f1f57a84000-7f1f57b28000 rw-p 00a49000 08:05 2770744                    /usr/lib/jvm/java-7-oracle/jre/lib/amd64/server/libjvm.so
7f1f57b28000-7f1f57b63000 rw-p 00000000 00:00 0 
7f1f57b63000-7f1f57d18000 r-xp 00000000 08:05 2367673                    /lib/x86_64-linux-gnu/libc-2.15.so
7f1f57d18000-7f1f57f17000 ---p 001b5000 08:05 2367673                    /lib/x86_64-linux-gnu/libc-2.15.so
7f1f57f17000-7f1f57f1b000 r--p 001b4000 08:05 2367673                    /lib/x86_64-linux-gnu/libc-2.15.so
7f1f57f1b000-7f1f57f1d000 rw-p 001b8000 08:05 2367673                    /lib/x86_64-linux-gnu/libc-2.15.so
7f1f57f1d000-7f1f57f22000 rw-p 00000000 00:00 0 
7f1f57f22000-7f1f57f24000 r-xp 00000000 08:05 2367688                    /lib/x86_64-linux-gnu/libdl-2.15.so
7f1f57f24000-7f1f58124000 ---p 00002000 08:05 2367688                    /lib/x86_64-linux-gnu/libdl-2.15.so
7f1f58124000-7f1f58125000 r--p 00002000 08:05 2367688                    /lib/x86_64-linux-gnu/libdl-2.15.so
7f1f58125000-7f1f58126000 rw-p 00003000 08:05 2367688                    /lib/x86_64-linux-gnu/libdl-2.15.so
7f1f58126000-7f1f5813c000 r-xp 00000000 08:05 2770738                    /usr/lib/jvm/java-7-oracle/jre/lib/amd64/jli/libjli.so
7f1f5813c000-7f1f5833c000 ---p 00016000 08:05 2770738                    /usr/lib/jvm/java-7-oracle/jre/lib/amd64/jli/libjli.so
7f1f5833c000-7f1f5833d000 rw-p 00016000 08:05 2770738                    /usr/lib/jvm/java-7-oracle/jre/lib/amd64/jli/libjli.so
7f1f5833d000-7f1f58355000 r-xp 00000000 08:05 2367769                    /lib/x86_64-linux-gnu/libpthread-2.15.so
7f1f58355000-7f1f58554000 ---p 00018000 08:05 2367769                    /lib/x86_64-linux-gnu/libpthread-2.15.so
7f1f58554000-7f1f58555000 r--p 00017000 08:05 2367769                    /lib/x86_64-linux-gnu/libpthread-2.15.so
7f1f58555000-7f1f58556000 rw-p 00018000 08:05 2367769                    /lib/x86_64-linux-gnu/libpthread-2.15.so
7f1f58556000-7f1f5855a000 rw-p 00000000 00:00 0 
7f1f5855a000-7f1f5857c000 r-xp 00000000 08:05 2367651                    /lib/x86_64-linux-gnu/ld-2.15.so
7f1f5859b000-7f1f585a5000 rw-p 00000000 00:00 0 
7f1f585a5000-7f1f5865b000 rw-p 00000000 00:00 0 
7f1f5865b000-7f1f5865e000 ---p 00000000 00:00 0 
7f1f5865e000-7f1f58760000 rw-p 00000000 00:00 0                          [stack:12255]
7f1f5876e000-7f1f58770000 rw-p 00000000 00:00 0 
7f1f58770000-7f1f58778000 rw-s 00000000 08:05 2245172                    /tmp/hsperfdata_oleg/12249
7f1f58778000-7f1f58779000 rw-p 00000000 00:00 0 
7f1f58779000-7f1f5877a000 r--p 00000000 00:00 0 
7f1f5877a000-7f1f5877c000 rw-p 00000000 00:00 0 
7f1f5877c000-7f1f5877d000 r--p 00022000 08:05 2367651                    /lib/x86_64-linux-gnu/ld-2.15.so
7f1f5877d000-7f1f5877f000 rw-p 00023000 08:05 2367651                    /lib/x86_64-linux-gnu/ld-2.15.so
7fff7d91c000-7fff7d93d000 rw-p 00000000 00:00 0                          [stack]
7fff7d9ff000-7fff7da00000 r-xp 00000000 00:00 0                          [vdso]
ffffffffff600000-ffffffffff601000 r-xp 00000000 00:00 0                  [vsyscall]

VM Arguments:
jvm_args: -agentlib:jdwp=transport=dt_socket,suspend=y,address=localhost:36309 -Dfile.encoding=UTF-8 
java_command: dotbot.compiler
Launcher Type: SUN_STANDARD

Environment Variables:
PATH=/usr/local/sbin:/usr/local/bin:/usr/sbin:/usr/bin:/sbin:/bin:/usr/games:/usr/local/games
USERNAME=oleg
SHELL=/bin/bash
DISPLAY=:0

Signal Handlers:
SIGSEGV: [libjvm.so+0x8a80e0], sa_mask[0]=0x7ffbfeff, sa_flags=0x10000004
SIGBUS: [libjvm.so+0x8a80e0], sa_mask[0]=0x7ffbfeff, sa_flags=0x10000004
SIGFPE: [libjvm.so+0x744170], sa_mask[0]=0x7ffbfeff, sa_flags=0x10000004
SIGPIPE: [libjvm.so+0x744170], sa_mask[0]=0x7ffbfeff, sa_flags=0x10000004
SIGXFSZ: [libjvm.so+0x744170], sa_mask[0]=0x7ffbfeff, sa_flags=0x10000004
SIGILL: [libjvm.so+0x744170], sa_mask[0]=0x7ffbfeff, sa_flags=0x10000004
SIGUSR1: SIG_DFL, sa_mask[0]=0x00000000, sa_flags=0x00000000
SIGUSR2: [libjvm.so+0x743ac0], sa_mask[0]=0x00000004, sa_flags=0x10000004
SIGHUP: [libjvm.so+0x745e50], sa_mask[0]=0x7ffbfeff, sa_flags=0x10000004
SIGINT: [libjvm.so+0x745e50], sa_mask[0]=0x7ffbfeff, sa_flags=0x10000004
SIGTERM: [libjvm.so+0x745e50], sa_mask[0]=0x7ffbfeff, sa_flags=0x10000004
SIGQUIT: [libjvm.so+0x745e50], sa_mask[0]=0x7ffbfeff, sa_flags=0x10000004


---------------  S Y S T E M  ---------------

OS:wheezy/sid

uname:Linux 3.5.0-17-generic #28-Ubuntu SMP Tue Oct 9 19:31:23 UTC 2012 x86_64
libc:glibc 2.15 NPTL 2.15 
rlimit: STACK 8192k, CORE 0k, NPROC 21891, NOFILE 4096, AS infinity
load average:1.51 0.50 0.40

/proc/meminfo:
MemTotal:        2820472 kB
MemFree:           78628 kB
Buffers:          101256 kB
Cached:           959632 kB
SwapCached:         4428 kB
Active:          1641132 kB
Inactive:         898672 kB
Active(anon):    1116588 kB
Inactive(anon):   373632 kB
Active(file):     524544 kB
Inactive(file):   525040 kB
Unevictable:          32 kB
Mlocked:              32 kB
SwapTotal:       2877436 kB
SwapFree:        2866116 kB
Dirty:              1592 kB
Writeback:             0 kB
AnonPages:       1475300 kB
Mapped:           222696 kB
Shmem:             11316 kB
Slab:             107160 kB
SReclaimable:      82424 kB
SUnreclaim:        24736 kB
KernelStack:        4656 kB
PageTables:        32660 kB
NFS_Unstable:          0 kB
Bounce:                0 kB
WritebackTmp:          0 kB
CommitLimit:     4287672 kB
Committed_AS:    4337832 kB
VmallocTotal:   34359738367 kB
VmallocUsed:       43840 kB
VmallocChunk:   34359691644 kB
HardwareCorrupted:     0 kB
AnonHugePages:         0 kB
HugePages_Total:       0
HugePages_Free:        0
HugePages_Rsvd:        0
HugePages_Surp:        0
Hugepagesize:       2048 kB
DirectMap4k:       48128 kB
DirectMap2M:      737280 kB
DirectMap1G:     1048576 kB


CPU:total 2 (2 cores per cpu, 1 threads per core) family 16 model 6 stepping 3, cmov, cx8, fxsr, mmx, sse, sse2, sse3, popcnt, mmxext, 3dnowpref, lzcnt, tsc, tscinvbit, tscinv

/proc/cpuinfo:
processor	: 0
vendor_id	: AuthenticAMD
cpu family	: 16
model		: 6
model name	: AMD Athlon(tm) II P360 Dual-Core Processor
stepping	: 3
microcode	: 0x10000c8
cpu MHz		: 2300.000
cache size	: 512 KB
physical id	: 0
siblings	: 2
core id		: 0
cpu cores	: 2
apicid		: 0
initial apicid	: 0
fpu		: yes
fpu_exception	: yes
cpuid level	: 5
wp		: yes
flags		: fpu vme de pse tsc msr pae mce cx8 apic sep mtrr pge mca cmov pat pse36 clflush mmx fxsr sse sse2 ht syscall nx mmxext fxsr_opt pdpe1gb rdtscp lm 3dnowext 3dnow constant_tsc rep_good nopl nonstop_tsc extd_apicid pni monitor cx16 popcnt lahf_lm cmp_legacy svm extapic cr8_legacy abm sse4a 3dnowprefetch osvw ibs skinit wdt nodeid_msr hw_pstate npt lbrv svm_lock nrip_save
bogomips	: 4588.49
TLB size	: 1024 4K pages
clflush size	: 64
cache_alignment	: 64
address sizes	: 48 bits physical, 48 bits virtual
power management: ts ttp tm stc 100mhzsteps hwpstate

processor	: 1
vendor_id	: AuthenticAMD
cpu family	: 16
model		: 6
model name	: AMD Athlon(tm) II P360 Dual-Core Processor
stepping	: 3
microcode	: 0x10000c8
cpu MHz		: 2300.000
cache size	: 512 KB
physical id	: 0
siblings	: 2
core id		: 1
cpu cores	: 2
apicid		: 1
initial apicid	: 1
fpu		: yes
fpu_exception	: yes
cpuid level	: 5
wp		: yes
flags		: fpu vme de pse tsc msr pae mce cx8 apic sep mtrr pge mca cmov pat pse36 clflush mmx fxsr sse sse2 ht syscall nx mmxext fxsr_opt pdpe1gb rdtscp lm 3dnowext 3dnow constant_tsc rep_good nopl nonstop_tsc extd_apicid pni monitor cx16 popcnt lahf_lm cmp_legacy svm extapic cr8_legacy abm sse4a 3dnowprefetch osvw ibs skinit wdt nodeid_msr hw_pstate npt lbrv svm_lock nrip_save
bogomips	: 4588.49
TLB size	: 1024 4K pages
clflush size	: 64
cache_alignment	: 64
address sizes	: 48 bits physical, 48 bits virtual
power management: ts ttp tm stc 100mhzsteps hwpstate



Memory: 4k page, physical 2820472k(78628k free), swap 2877436k(2866116k free)

vm_info: Java HotSpot(TM) 64-Bit Server VM (23.21-b01) for linux-amd64 JRE (1.7.0_21-b11), built on Apr  4 2013 04:03:29 by "java_re" with gcc 4.3.0 20080428 (Red Hat 4.3.0-8)

time: Sat Apr 20 15:27:30 2013
elapsed time: 5298 seconds

