#
# A fatal error has been detected by the Java Runtime Environment:
#
#  SIGSEGV (0xb) at pc=0x00007f21455c0abe, pid=12279, tid=139780663396096
#
# JRE version: 7.0_21-b11
# Java VM: Java HotSpot(TM) 64-Bit Server VM (23.21-b01 mixed mode linux-amd64 compressed oops)
# Problematic frame:
# V  [libjvm.so+0x5d2abe]  JNIHandles::checked_resolve_jmethod_id(_jmethodID*)+0xe
#
# Failed to write core dump. Core dumps have been disabled. To enable core dumping, try "ulimit -c unlimited" before starting Java again
#
# If you would like to submit a bug report, please visit:
#   http://bugreport.sun.com/bugreport/crash.jsp
#

---------------  T H R E A D  ---------------

Current thread (0x00007f21400f2800):  JavaThread "JDWP Transport Listener: dt_socket" daemon [_thread_in_vm, id=12295, stack(0x00007f2138b9c000,0x00007f2138c9d000)]

siginfo:si_signo=SIGSEGV: si_errno=0, si_code=128 (), si_addr=0x0000000000000000

Registers:
RAX=0x0000000000000001, RBX=0x00007f2140004c30, RCX=0x00007f21467082e0, RDX=0x00007f2145cea8a0
RSP=0x00007f2138c9b980, RBP=0x00007f2138c9b990, RSI=0x00007f21400f2800, RDI=0x6a4c293b676e6972
R8 =0x0000000000000028, R9 =0x0000000000000000, R10=0x0000000000532f67, R11=0x676e697274000000
R12=0x0000000000000017, R13=0x6a4c293b676e6972, R14=0x00007f21400f2800, R15=0x00007f2138c9ba97
RIP=0x00007f21455c0abe, EFLAGS=0x0000000000010206, CSGSFS=0x0000000000000033, ERR=0x0000000000000000
  TRAPNO=0x000000000000000d

Top of Stack: (sp=0x00007f2138c9b980)
0x00007f2138c9b980:   0000000000000074 00007f2140004c30
0x00007f2138c9b990:   00007f2138c9ba00 00007f21455b28ee
0x00007f2138c9b9a0:   00007f2114006af0 00007f2138c9b9b0
0x00007f2138c9b9b0:   00007f21400f2800 0000000000000000
0x00007f2138c9b9c0:   00007f2100000000 0000000000000000
0x00007f2138c9b9d0:   00007f2138c9bb00 00007f21446b0e40
0x00007f2138c9b9e0:   6a4c293b676e6972 00007f2138c9ba97
0x00007f2138c9b9f0:   000000000000000a 00007f2138c9ba97
0x00007f2138c9ba00:   00007f2138c9ba30 00007f214449c2f2
0x00007f2138c9ba10:   00007f2138c9ba30 6a4c293b676e6972
0x00007f2138c9ba20:   00007f2138c9bb00 0000000000000050
0x00007f2138c9ba30:   00007f2138c9bac0 00007f214447d980
0x00007f2138c9ba40:   00007f2138c9ba78 00007f2138c9ba70
0x00007f2138c9ba50:   00007f2138c9ba68 00007f2138c9ba8c
0x00007f2138c9ba60:   0000000114002f20 0000000000000000
0x00007f2138c9ba70:   0000000000000000 0000000000000000
0x00007f2138c9ba80:   00007f2114006a40 0000000a38c9bb00
0x00007f2138c9ba90:   000000000000000b 0000000000000002
0x00007f2138c9baa0:   000000000000000f 0000000000000002
0x00007f2138c9bab0:   00000000000f0200 000000000000000f
0x00007f2138c9bac0:   00007f2138c9bd10 00007f2144488806
0x00007f2138c9bad0:   00001e1600000013 00007f21450f0200
0x00007f2138c9bae0:   00007f2118000ba0 00007f21446b0e40
0x00007f2138c9baf0:   00007f2138c9bb00 00007f2138c9bc90
0x00007f2138c9bb00:   00007f2114006f61 00007f2100000117
0x00007f2138c9bb10:   00007f2114006880 00007f210000012c
0x00007f2138c9bb20:   00007f2138c9bb50 00007f2114006880
0x00007f2138c9bb30:   00007f0000000000 00001e1600000051
0x00007f2138c9bb40:   0000000000000080 00007f2138c9bb50
0x00007f2138c9bb50:   217f00000b000000 06000000602d0a40
0x00007f2138c9bb60:   00003e74696e693c 0000005629280300
0x00007f2138c9bb70:   7f00000100000000 000000a82d0a4021 

Instructions: (pc=0x00007f21455c0abe)
0x00007f21455c0a9e:   00 00 4c 89 f7 e8 58 88 1f 00 e9 4f ff ff ff 90
0x00007f21455c0aae:   90 90 55 48 89 e5 53 48 83 ec 08 48 85 ff 74 3c
0x00007f21455c0abe:   48 8b 1f 48 85 db 74 34 48 b8 fe fe fe fe fe fe
0x00007f21455c0ace:   fe fe 48 39 c3 74 25 48 8b 05 b4 31 6f 00 80 38 

Register to memory mapping:

RAX=0x0000000000000001 is an unknown value
RBX=0x00007f2140004c30 is an unknown value
RCX=0x00007f21467082e0: <offset 0x2182e0> in /lib/x86_64-linux-gnu/libpthread.so.0 at 0x00007f21464f0000
RDX=0x00007f2145cea8a0: <offset 0xcfc8a0> in /usr/lib/jvm/java-7-oracle/jre/lib/amd64/server/libjvm.so at 0x00007f2144fee000
RSP=0x00007f2138c9b980 is pointing into the stack for thread: 0x00007f21400f2800
RBP=0x00007f2138c9b990 is pointing into the stack for thread: 0x00007f21400f2800
RSI=0x00007f21400f2800 is a thread
RDI=0x6a4c293b676e6972 is an unknown value
R8 =0x0000000000000028 is an unknown value
R9 =0x0000000000000000 is an unknown value
R10=0x0000000000532f67 is an unknown value
R11=0x676e697274000000 is an unknown value
R12=0x0000000000000017 is an unknown value
R13=0x6a4c293b676e6972 is an unknown value
R14=0x00007f21400f2800 is a thread
R15=0x00007f2138c9ba97 is pointing into the stack for thread: 0x00007f21400f2800


Stack: [0x00007f2138b9c000,0x00007f2138c9d000],  sp=0x00007f2138c9b980,  free space=1022k
Native frames: (J=compiled Java code, j=interpreted, Vv=VM code, C=native code)
V  [libjvm.so+0x5d2abe]  JNIHandles::checked_resolve_jmethod_id(_jmethodID*)+0xe
V  [libjvm.so+0x5c48ee]  jvmti_IsMethodSynthetic+0x22e
C  [libjdwp.so+0x252f2]  isMethodSynthetic+0x42
C  [libjdwp.so+0x6980]  methods1+0x1b0
C  [libjdwp.so+0x11806]  debugLoop_run+0x2b6
C  [libjdwp.so+0x2422f]  attachThread+0x2f
V  [libjvm.so+0x627487]  JvmtiAgentThread::call_start_function()+0x97
V  [libjvm.so+0x867578]  JavaThread::thread_main_inner()+0xc8
V  [libjvm.so+0x8676c8]  JavaThread::run()+0x138
V  [libjvm.so+0x749010]  java_start(Thread*)+0x100


---------------  P R O C E S S  ---------------

Java Threads: ( => current thread )
  0x00007f21400fd800 JavaThread "Service Thread" daemon [_thread_blocked, id=12304, stack(0x00007f2138697000,0x00007f2138798000)]
  0x00007f21400fb800 JavaThread "C2 CompilerThread1" daemon [_thread_blocked, id=12303, stack(0x00007f2138798000,0x00007f2138899000)]
  0x00007f21400f8800 JavaThread "C2 CompilerThread0" daemon [_thread_blocked, id=12302, stack(0x00007f2138899000,0x00007f213899a000)]
  0x00007f2114001000 JavaThread "JDWP Command Reader" daemon [_thread_in_native, id=12299, stack(0x00007f213899a000,0x00007f2138a9b000)]
  0x00007f21400f6000 JavaThread "JDWP Event Helper Thread" daemon [_thread_blocked, id=12298, stack(0x00007f2138a9b000,0x00007f2138b9c000)]
=>0x00007f21400f2800 JavaThread "JDWP Transport Listener: dt_socket" daemon [_thread_in_vm, id=12295, stack(0x00007f2138b9c000,0x00007f2138c9d000)]
  0x00007f21400e6000 JavaThread "Signal Dispatcher" daemon [_thread_blocked, id=12293, stack(0x00007f2138ea1000,0x00007f2138fa2000)]
  0x00007f214009a000 JavaThread "Finalizer" daemon [_thread_blocked, id=12291, stack(0x00007f2138fa2000,0x00007f21390a3000)]
  0x00007f2140097800 JavaThread "Reference Handler" daemon [_thread_blocked, id=12290, stack(0x00007f21390a3000,0x00007f21391a4000)]
  0x00007f214000b000 JavaThread "main" [_thread_blocked, id=12282, stack(0x00007f214680e000,0x00007f214690f000)]

Other Threads:
  0x00007f2140090000 VMThread [stack: 0x00007f21391a4000,0x00007f21392a5000] [id=12289]
  0x00007f2140108000 WatcherThread [stack: 0x00007f2138596000,0x00007f2138697000] [id=12305]

VM state:not at safepoint (normal execution)

VM Mutex/Monitor currently owned by a thread: None

Heap
 PSYoungGen      total 12864K, used 897K [0x00000000f1a00000, 0x00000000f2850000, 0x0000000100000000)
  eden space 11072K, 8% used [0x00000000f1a00000,0x00000000f1ae0530,0x00000000f24d0000)
  from space 1792K, 0% used [0x00000000f2690000,0x00000000f2690000,0x00000000f2850000)
  to   space 1792K, 0% used [0x00000000f24d0000,0x00000000f24d0000,0x00000000f2690000)
 ParOldGen       total 29440K, used 0K [0x00000000d4e00000, 0x00000000d6ac0000, 0x00000000f1a00000)
  object space 29440K, 0% used [0x00000000d4e00000,0x00000000d4e00000,0x00000000d6ac0000)
 PSPermGen       total 21248K, used 2925K [0x00000000cfc00000, 0x00000000d10c0000, 0x00000000d4e00000)
  object space 21248K, 13% used [0x00000000cfc00000,0x00000000cfedb728,0x00000000d10c0000)

Card table byte_map: [0x00007f213bf4e000,0x00007f213c0d1000] byte_map_base: 0x00007f213b8d0000

Polling page: 0x00007f214692c000

Code Cache  [0x00007f213c0d1000, 0x00007f213c341000, 0x00007f213f0d1000)
 total_blobs=154 nmethods=0 adapters=130 free_code_cache=48779Kb largest_free_block=49950144

Compilation events (0 events):
No events

GC Heap History (0 events):
No events

Deoptimization events (0 events):
No events

Internal exceptions (7 events):
Event: 0.063 Thread 0x00007f214000b000 Threw 0x00000000f1a061b0 at /HUDSON/workspace/jdk7u21-2-build-linux-amd64-product/jdk7u21/hotspot/src/share/vm/prims/jni.cpp:3994
Event: 0.278 Thread 0x00007f214000b000 Threw 0x00000000f1a48b90 at /HUDSON/workspace/jdk7u21-2-build-linux-amd64-product/jdk7u21/hotspot/src/share/vm/prims/jvm.cpp:1166
Event: 0.294 Thread 0x00007f214000b000 Threw 0x00000000f1a50238 at /HUDSON/workspace/jdk7u21-2-build-linux-amd64-product/jdk7u21/hotspot/src/share/vm/prims/jvm.cpp:1166
Event: 0.295 Thread 0x00007f214000b000 Threw 0x00000000f1a5d648 at /HUDSON/workspace/jdk7u21-2-build-linux-amd64-product/jdk7u21/hotspot/src/share/vm/prims/jvm.cpp:1166
Event: 0.298 Thread 0x00007f214000b000 Threw 0x00000000f1a5fb58 at /HUDSON/workspace/jdk7u21-2-build-linux-amd64-product/jdk7u21/hotspot/src/share/vm/prims/jvm.cpp:1166
Event: 0.299 Thread 0x00007f214000b000 Threw 0x00000000f1a63f90 at /HUDSON/workspace/jdk7u21-2-build-linux-amd64-product/jdk7u21/hotspot/src/share/vm/prims/jvm.cpp:1166
Event: 0.301 Thread 0x00007f214000b000 Threw 0x00000000f1a692f8 at /HUDSON/workspace/jdk7u21-2-build-linux-amd64-product/jdk7u21/hotspot/src/share/vm/prims/jvm.cpp:1166

Events (10 events):
Event: 4766.433 Executing VM operation: EnterInterpOnlyMode
Event: 4766.433 Executing VM operation: EnterInterpOnlyMode done
Event: 4766.433 Executing VM operation: GetCurrentLocation
Event: 4766.433 Executing VM operation: GetCurrentLocation done
Event: 4766.433 Executing VM operation: ChangeSingleStep
Event: 4766.433 Executing VM operation: ChangeSingleStep done
Event: 4766.434 Executing VM operation: ChangeSingleStep
Event: 4766.434 Executing VM operation: ChangeSingleStep done
Event: 5296.628 Executing VM operation: RedefineClasses
Event: 5296.629 Executing VM operation: RedefineClasses done


Dynamic libraries:
00400000-00401000 r-xp 00000000 08:05 275077                             /usr/lib/jvm/java-7-oracle/bin/java
00600000-00601000 rw-p 00000000 08:05 275077                             /usr/lib/jvm/java-7-oracle/bin/java
015a3000-015c4000 rw-p 00000000 00:00 0                                  [heap]
cfc00000-d10c0000 rw-p 00000000 00:00 0 
d10c0000-d4e00000 rw-p 00000000 00:00 0 
d4e00000-d6ac0000 rw-p 00000000 00:00 0 
d6ac0000-f1a00000 rw-p 00000000 00:00 0 
f1a00000-f2850000 rw-p 00000000 00:00 0 
f2850000-100000000 rw-p 00000000 00:00 0 
7f2104000000-7f2104021000 rw-p 00000000 00:00 0 
7f2104021000-7f2108000000 ---p 00000000 00:00 0 
7f2108000000-7f2108021000 rw-p 00000000 00:00 0 
7f2108021000-7f210c000000 ---p 00000000 00:00 0 
7f210c000000-7f210c021000 rw-p 00000000 00:00 0 
7f210c021000-7f2110000000 ---p 00000000 00:00 0 
7f2110000000-7f2110021000 rw-p 00000000 00:00 0 
7f2110021000-7f2114000000 ---p 00000000 00:00 0 
7f2114000000-7f2114021000 rw-p 00000000 00:00 0 
7f2114021000-7f2118000000 ---p 00000000 00:00 0 
7f2118000000-7f2118021000 rw-p 00000000 00:00 0 
7f2118021000-7f211c000000 ---p 00000000 00:00 0 
7f211c000000-7f211c021000 rw-p 00000000 00:00 0 
7f211c021000-7f2120000000 ---p 00000000 00:00 0 
7f2120000000-7f2120021000 rw-p 00000000 00:00 0 
7f2120021000-7f2124000000 ---p 00000000 00:00 0 
7f2124000000-7f2124021000 rw-p 00000000 00:00 0 
7f2124021000-7f2128000000 ---p 00000000 00:00 0 
7f2128000000-7f2128021000 rw-p 00000000 00:00 0 
7f2128021000-7f212c000000 ---p 00000000 00:00 0 
7f212c000000-7f212c021000 rw-p 00000000 00:00 0 
7f212c021000-7f2130000000 ---p 00000000 00:00 0 
7f2130000000-7f2130021000 rw-p 00000000 00:00 0 
7f2130021000-7f2134000000 ---p 00000000 00:00 0 
7f2134000000-7f2134021000 rw-p 00000000 00:00 0 
7f2134021000-7f2138000000 ---p 00000000 00:00 0 
7f213839e000-7f2138596000 rw-p 00000000 00:00 0 
7f2138596000-7f2138597000 ---p 00000000 00:00 0 
7f2138597000-7f2138697000 rw-p 00000000 00:00 0                          [stack:12305]
7f2138697000-7f213869a000 ---p 00000000 00:00 0 
7f213869a000-7f2138798000 rw-p 00000000 00:00 0                          [stack:12304]
7f2138798000-7f213879b000 ---p 00000000 00:00 0 
7f213879b000-7f2138899000 rw-p 00000000 00:00 0                          [stack:12303]
7f2138899000-7f213889c000 ---p 00000000 00:00 0 
7f213889c000-7f213899a000 rw-p 00000000 00:00 0                          [stack:12302]
7f213899a000-7f213899d000 ---p 00000000 00:00 0 
7f213899d000-7f2138a9b000 rw-p 00000000 00:00 0                          [stack:12299]
7f2138a9b000-7f2138a9e000 ---p 00000000 00:00 0 
7f2138a9e000-7f2138b9c000 rw-p 00000000 00:00 0                          [stack:12298]
7f2138b9c000-7f2138b9f000 ---p 00000000 00:00 0 
7f2138b9f000-7f2138c9d000 rw-p 00000000 00:00 0                          [stack:12295]
7f2138c9d000-7f2138ca1000 r-xp 00000000 08:05 2642396                    /usr/lib/jvm/java-7-oracle/jre/lib/amd64/libdt_socket.so
7f2138ca1000-7f2138ea0000 ---p 00004000 08:05 2642396                    /usr/lib/jvm/java-7-oracle/jre/lib/amd64/libdt_socket.so
7f2138ea0000-7f2138ea1000 rw-p 00003000 08:05 2642396                    /usr/lib/jvm/java-7-oracle/jre/lib/amd64/libdt_socket.so
7f2138ea1000-7f2138ea4000 ---p 00000000 00:00 0 
7f2138ea4000-7f2138fa2000 rw-p 00000000 00:00 0                          [stack:12293]
7f2138fa2000-7f2138fa5000 ---p 00000000 00:00 0 
7f2138fa5000-7f21390a3000 rw-p 00000000 00:00 0                          [stack:12291]
7f21390a3000-7f21390a6000 ---p 00000000 00:00 0 
7f21390a6000-7f21391a4000 rw-p 00000000 00:00 0                          [stack:12290]
7f21391a4000-7f21391a5000 ---p 00000000 00:00 0 
7f21391a5000-7f2139c81000 rw-p 00000000 00:00 0                          [stack:12289]
7f2139c81000-7f2139e3e000 r--s 039de000 08:05 2642370                    /usr/lib/jvm/java-7-oracle/jre/lib/rt.jar
7f2139e3e000-7f213bc66000 rw-p 00000000 00:00 0 
7f213bc66000-7f213bc67000 ---p 00000000 00:00 0 
7f213bc67000-7f213bd67000 rw-p 00000000 00:00 0                          [stack:12287]
7f213bd67000-7f213bd68000 ---p 00000000 00:00 0 
7f213bd68000-7f213be77000 rw-p 00000000 00:00 0                          [stack:12286]
7f213be77000-7f213bf4e000 rw-p 00000000 00:00 0 
7f213bf4e000-7f213bf59000 rw-p 00000000 00:00 0 
7f213bf59000-7f213bf77000 rw-p 00000000 00:00 0 
7f213bf77000-7f213bf86000 rw-p 00000000 00:00 0 
7f213bf86000-7f213c05d000 rw-p 00000000 00:00 0 
7f213c05d000-7f213c065000 rw-p 00000000 00:00 0 
7f213c065000-7f213c0d0000 rw-p 00000000 00:00 0 
7f213c0d0000-7f213c0d1000 rw-p 00000000 00:00 0 
7f213c0d1000-7f213c341000 rwxp 00000000 00:00 0 
7f213c341000-7f213f0d1000 rw-p 00000000 00:00 0 
7f213f0d1000-7f213f0eb000 r-xp 00000000 08:05 2642414                    /usr/lib/jvm/java-7-oracle/jre/lib/amd64/libzip.so
7f213f0eb000-7f213f2eb000 ---p 0001a000 08:05 2642414                    /usr/lib/jvm/java-7-oracle/jre/lib/amd64/libzip.so
7f213f2eb000-7f213f2ec000 rw-p 0001a000 08:05 2642414                    /usr/lib/jvm/java-7-oracle/jre/lib/amd64/libzip.so
7f213f2ec000-7f213f2f8000 r-xp 00000000 08:05 2367738                    /lib/x86_64-linux-gnu/libnss_files-2.15.so
7f213f2f8000-7f213f4f7000 ---p 0000c000 08:05 2367738                    /lib/x86_64-linux-gnu/libnss_files-2.15.so
7f213f4f7000-7f213f4f8000 r--p 0000b000 08:05 2367738                    /lib/x86_64-linux-gnu/libnss_files-2.15.so
7f213f4f8000-7f213f4f9000 rw-p 0000c000 08:05 2367738                    /lib/x86_64-linux-gnu/libnss_files-2.15.so
7f213f4f9000-7f213f503000 r-xp 00000000 08:05 2367742                    /lib/x86_64-linux-gnu/libnss_nis-2.15.so
7f213f503000-7f213f703000 ---p 0000a000 08:05 2367742                    /lib/x86_64-linux-gnu/libnss_nis-2.15.so
7f213f703000-7f213f704000 r--p 0000a000 08:05 2367742                    /lib/x86_64-linux-gnu/libnss_nis-2.15.so
7f213f704000-7f213f705000 rw-p 0000b000 08:05 2367742                    /lib/x86_64-linux-gnu/libnss_nis-2.15.so
7f213f705000-7f213f71c000 r-xp 00000000 08:05 2367732                    /lib/x86_64-linux-gnu/libnsl-2.15.so
7f213f71c000-7f213f91b000 ---p 00017000 08:05 2367732                    /lib/x86_64-linux-gnu/libnsl-2.15.so
7f213f91b000-7f213f91c000 r--p 00016000 08:05 2367732                    /lib/x86_64-linux-gnu/libnsl-2.15.so
7f213f91c000-7f213f91d000 rw-p 00017000 08:05 2367732                    /lib/x86_64-linux-gnu/libnsl-2.15.so
7f213f91d000-7f213f91f000 rw-p 00000000 00:00 0 
7f213f91f000-7f2140000000 r--p 00000000 08:05 2502192                    /usr/lib/locale/locale-archive
7f2140000000-7f214013a000 rw-p 00000000 00:00 0 
7f214013a000-7f2144000000 ---p 00000000 00:00 0 
7f214401a000-7f214404d000 rw-p 00000000 00:00 0 
7f214404d000-7f214406b000 rw-p 00000000 00:00 0 
7f214406b000-7f2144073000 r-xp 00000000 08:05 2367734                    /lib/x86_64-linux-gnu/libnss_compat-2.15.so
7f2144073000-7f2144272000 ---p 00008000 08:05 2367734                    /lib/x86_64-linux-gnu/libnss_compat-2.15.so
7f2144272000-7f2144273000 r--p 00007000 08:05 2367734                    /lib/x86_64-linux-gnu/libnss_compat-2.15.so
7f2144273000-7f2144274000 rw-p 00008000 08:05 2367734                    /lib/x86_64-linux-gnu/libnss_compat-2.15.so
7f2144274000-7f2144277000 r-xp 00000000 08:05 2642431                    /usr/lib/jvm/java-7-oracle/jre/lib/amd64/libnpt.so
7f2144277000-7f2144476000 ---p 00003000 08:05 2642431                    /usr/lib/jvm/java-7-oracle/jre/lib/amd64/libnpt.so
7f2144476000-7f2144477000 rw-p 00002000 08:05 2642431                    /usr/lib/jvm/java-7-oracle/jre/lib/amd64/libnpt.so
7f2144477000-7f21444b0000 r-xp 00000000 08:05 2642384                    /usr/lib/jvm/java-7-oracle/jre/lib/amd64/libjdwp.so
7f21444b0000-7f21446af000 ---p 00039000 08:05 2642384                    /usr/lib/jvm/java-7-oracle/jre/lib/amd64/libjdwp.so
7f21446af000-7f21446b1000 rw-p 00038000 08:05 2642384                    /usr/lib/jvm/java-7-oracle/jre/lib/amd64/libjdwp.so
7f21446b1000-7f21446da000 r-xp 00000000 08:05 2642424                    /usr/lib/jvm/java-7-oracle/jre/lib/amd64/libjava.so
7f21446da000-7f21448da000 ---p 00029000 08:05 2642424                    /usr/lib/jvm/java-7-oracle/jre/lib/amd64/libjava.so
7f21448da000-7f21448dc000 rw-p 00029000 08:05 2642424                    /usr/lib/jvm/java-7-oracle/jre/lib/amd64/libjava.so
7f21448dc000-7f21448e9000 r-xp 00000000 08:05 2642382                    /usr/lib/jvm/java-7-oracle/jre/lib/amd64/libverify.so
7f21448e9000-7f2144ae8000 ---p 0000d000 08:05 2642382                    /usr/lib/jvm/java-7-oracle/jre/lib/amd64/libverify.so
7f2144ae8000-7f2144aea000 rw-p 0000c000 08:05 2642382                    /usr/lib/jvm/java-7-oracle/jre/lib/amd64/libverify.so
7f2144aea000-7f2144af1000 r-xp 00000000 08:05 2367777                    /lib/x86_64-linux-gnu/librt-2.15.so
7f2144af1000-7f2144cf0000 ---p 00007000 08:05 2367777                    /lib/x86_64-linux-gnu/librt-2.15.so
7f2144cf0000-7f2144cf1000 r--p 00006000 08:05 2367777                    /lib/x86_64-linux-gnu/librt-2.15.so
7f2144cf1000-7f2144cf2000 rw-p 00007000 08:05 2367777                    /lib/x86_64-linux-gnu/librt-2.15.so
7f2144cf2000-7f2144ded000 r-xp 00000000 08:05 2367715                    /lib/x86_64-linux-gnu/libm-2.15.so
7f2144ded000-7f2144fec000 ---p 000fb000 08:05 2367715                    /lib/x86_64-linux-gnu/libm-2.15.so
7f2144fec000-7f2144fed000 r--p 000fa000 08:05 2367715                    /lib/x86_64-linux-gnu/libm-2.15.so
7f2144fed000-7f2144fee000 rw-p 000fb000 08:05 2367715                    /lib/x86_64-linux-gnu/libm-2.15.so
7f2144fee000-7f2145a38000 r-xp 00000000 08:05 2770744                    /usr/lib/jvm/java-7-oracle/jre/lib/amd64/server/libjvm.so
7f2145a38000-7f2145c37000 ---p 00a4a000 08:05 2770744                    /usr/lib/jvm/java-7-oracle/jre/lib/amd64/server/libjvm.so
7f2145c37000-7f2145cdb000 rw-p 00a49000 08:05 2770744                    /usr/lib/jvm/java-7-oracle/jre/lib/amd64/server/libjvm.so
7f2145cdb000-7f2145d16000 rw-p 00000000 00:00 0 
7f2145d16000-7f2145ecb000 r-xp 00000000 08:05 2367673                    /lib/x86_64-linux-gnu/libc-2.15.so
7f2145ecb000-7f21460ca000 ---p 001b5000 08:05 2367673                    /lib/x86_64-linux-gnu/libc-2.15.so
7f21460ca000-7f21460ce000 r--p 001b4000 08:05 2367673                    /lib/x86_64-linux-gnu/libc-2.15.so
7f21460ce000-7f21460d0000 rw-p 001b8000 08:05 2367673                    /lib/x86_64-linux-gnu/libc-2.15.so
7f21460d0000-7f21460d5000 rw-p 00000000 00:00 0 
7f21460d5000-7f21460d7000 r-xp 00000000 08:05 2367688                    /lib/x86_64-linux-gnu/libdl-2.15.so
7f21460d7000-7f21462d7000 ---p 00002000 08:05 2367688                    /lib/x86_64-linux-gnu/libdl-2.15.so
7f21462d7000-7f21462d8000 r--p 00002000 08:05 2367688                    /lib/x86_64-linux-gnu/libdl-2.15.so
7f21462d8000-7f21462d9000 rw-p 00003000 08:05 2367688                    /lib/x86_64-linux-gnu/libdl-2.15.so
7f21462d9000-7f21462ef000 r-xp 00000000 08:05 2770738                    /usr/lib/jvm/java-7-oracle/jre/lib/amd64/jli/libjli.so
7f21462ef000-7f21464ef000 ---p 00016000 08:05 2770738                    /usr/lib/jvm/java-7-oracle/jre/lib/amd64/jli/libjli.so
7f21464ef000-7f21464f0000 rw-p 00016000 08:05 2770738                    /usr/lib/jvm/java-7-oracle/jre/lib/amd64/jli/libjli.so
7f21464f0000-7f2146508000 r-xp 00000000 08:05 2367769                    /lib/x86_64-linux-gnu/libpthread-2.15.so
7f2146508000-7f2146707000 ---p 00018000 08:05 2367769                    /lib/x86_64-linux-gnu/libpthread-2.15.so
7f2146707000-7f2146708000 r--p 00017000 08:05 2367769                    /lib/x86_64-linux-gnu/libpthread-2.15.so
7f2146708000-7f2146709000 rw-p 00018000 08:05 2367769                    /lib/x86_64-linux-gnu/libpthread-2.15.so
7f2146709000-7f214670d000 rw-p 00000000 00:00 0 
7f214670d000-7f214672f000 r-xp 00000000 08:05 2367651                    /lib/x86_64-linux-gnu/ld-2.15.so
7f214674e000-7f2146758000 rw-p 00000000 00:00 0 
7f2146758000-7f214680e000 rw-p 00000000 00:00 0 
7f214680e000-7f2146811000 ---p 00000000 00:00 0 
7f2146811000-7f2146913000 rw-p 00000000 00:00 0                          [stack:12282]
7f2146921000-7f2146923000 rw-p 00000000 00:00 0 
7f2146923000-7f214692b000 rw-s 00000000 08:05 2245173                    /tmp/hsperfdata_oleg/12279
7f214692b000-7f214692c000 rw-p 00000000 00:00 0 
7f214692c000-7f214692d000 r--p 00000000 00:00 0 
7f214692d000-7f214692f000 rw-p 00000000 00:00 0 
7f214692f000-7f2146930000 r--p 00022000 08:05 2367651                    /lib/x86_64-linux-gnu/ld-2.15.so
7f2146930000-7f2146932000 rw-p 00023000 08:05 2367651                    /lib/x86_64-linux-gnu/ld-2.15.so
7fff9ac14000-7fff9ac35000 rw-p 00000000 00:00 0                          [stack]
7fff9ac51000-7fff9ac52000 r-xp 00000000 00:00 0                          [vdso]
ffffffffff600000-ffffffffff601000 r-xp 00000000 00:00 0                  [vsyscall]

VM Arguments:
jvm_args: -agentlib:jdwp=transport=dt_socket,suspend=y,address=localhost:36825 -Dfile.encoding=UTF-8 
java_command: dotbot.compiler
Launcher Type: SUN_STANDARD

Environment Variables:
PATH=/usr/local/sbin:/usr/local/bin:/usr/sbin:/usr/bin:/sbin:/bin:/usr/games:/usr/local/games
USERNAME=oleg
SHELL=/bin/bash
DISPLAY=:0

Signal Handlers:
SIGSEGV: [libjvm.so+0x8a80e0], sa_mask[0]=0x7ffbfeff, sa_flags=0x10000004
SIGBUS: [libjvm.so+0x8a80e0], sa_mask[0]=0x7ffbfeff, sa_flags=0x10000004
SIGFPE: [libjvm.so+0x744170], sa_mask[0]=0x7ffbfeff, sa_flags=0x10000004
SIGPIPE: [libjvm.so+0x744170], sa_mask[0]=0x7ffbfeff, sa_flags=0x10000004
SIGXFSZ: [libjvm.so+0x744170], sa_mask[0]=0x7ffbfeff, sa_flags=0x10000004
SIGILL: [libjvm.so+0x744170], sa_mask[0]=0x7ffbfeff, sa_flags=0x10000004
SIGUSR1: SIG_DFL, sa_mask[0]=0x00000000, sa_flags=0x00000000
SIGUSR2: [libjvm.so+0x743ac0], sa_mask[0]=0x00000004, sa_flags=0x10000004
SIGHUP: [libjvm.so+0x745e50], sa_mask[0]=0x7ffbfeff, sa_flags=0x10000004
SIGINT: [libjvm.so+0x745e50], sa_mask[0]=0x7ffbfeff, sa_flags=0x10000004
SIGTERM: [libjvm.so+0x745e50], sa_mask[0]=0x7ffbfeff, sa_flags=0x10000004
SIGQUIT: [libjvm.so+0x745e50], sa_mask[0]=0x7ffbfeff, sa_flags=0x10000004


---------------  S Y S T E M  ---------------

OS:wheezy/sid

uname:Linux 3.5.0-17-generic #28-Ubuntu SMP Tue Oct 9 19:31:23 UTC 2012 x86_64
libc:glibc 2.15 NPTL 2.15 
rlimit: STACK 8192k, CORE 0k, NPROC 21891, NOFILE 4096, AS infinity
load average:1.51 0.50 0.40

/proc/meminfo:
MemTotal:        2820472 kB
MemFree:           94612 kB
Buffers:          101256 kB
Cached:           952472 kB
SwapCached:         4188 kB
Active:          1629772 kB
Inactive:         895684 kB
Active(anon):    1107528 kB
Inactive(anon):   375396 kB
Active(file):     522244 kB
Inactive(file):   520288 kB
Unevictable:          32 kB
Mlocked:              32 kB
SwapTotal:       2877436 kB
SwapFree:        2866116 kB
Dirty:              1592 kB
Writeback:             0 kB
AnonPages:       1468260 kB
Mapped:           222696 kB
Shmem:             11316 kB
Slab:             106856 kB
SReclaimable:      82224 kB
SUnreclaim:        24632 kB
KernelStack:        4656 kB
PageTables:        32364 kB
NFS_Unstable:          0 kB
Bounce:                0 kB
WritebackTmp:          0 kB
CommitLimit:     4287672 kB
Committed_AS:    4212756 kB
VmallocTotal:   34359738367 kB
VmallocUsed:       43840 kB
VmallocChunk:   34359691644 kB
HardwareCorrupted:     0 kB
AnonHugePages:         0 kB
HugePages_Total:       0
HugePages_Free:        0
HugePages_Rsvd:        0
HugePages_Surp:        0
Hugepagesize:       2048 kB
DirectMap4k:       48128 kB
DirectMap2M:      737280 kB
DirectMap1G:     1048576 kB


CPU:total 2 (2 cores per cpu, 1 threads per core) family 16 model 6 stepping 3, cmov, cx8, fxsr, mmx, sse, sse2, sse3, popcnt, mmxext, 3dnowpref, lzcnt, tsc, tscinvbit, tscinv

/proc/cpuinfo:
processor	: 0
vendor_id	: AuthenticAMD
cpu family	: 16
model		: 6
model name	: AMD Athlon(tm) II P360 Dual-Core Processor
stepping	: 3
microcode	: 0x10000c8
cpu MHz		: 2300.000
cache size	: 512 KB
physical id	: 0
siblings	: 2
core id		: 0
cpu cores	: 2
apicid		: 0
initial apicid	: 0
fpu		: yes
fpu_exception	: yes
cpuid level	: 5
wp		: yes
flags		: fpu vme de pse tsc msr pae mce cx8 apic sep mtrr pge mca cmov pat pse36 clflush mmx fxsr sse sse2 ht syscall nx mmxext fxsr_opt pdpe1gb rdtscp lm 3dnowext 3dnow constant_tsc rep_good nopl nonstop_tsc extd_apicid pni monitor cx16 popcnt lahf_lm cmp_legacy svm extapic cr8_legacy abm sse4a 3dnowprefetch osvw ibs skinit wdt nodeid_msr hw_pstate npt lbrv svm_lock nrip_save
bogomips	: 4588.49
TLB size	: 1024 4K pages
clflush size	: 64
cache_alignment	: 64
address sizes	: 48 bits physical, 48 bits virtual
power management: ts ttp tm stc 100mhzsteps hwpstate

processor	: 1
vendor_id	: AuthenticAMD
cpu family	: 16
model		: 6
model name	: AMD Athlon(tm) II P360 Dual-Core Processor
stepping	: 3
microcode	: 0x10000c8
cpu MHz		: 2300.000
cache size	: 512 KB
physical id	: 0
siblings	: 2
core id		: 1
cpu cores	: 2
apicid		: 1
initial apicid	: 1
fpu		: yes
fpu_exception	: yes
cpuid level	: 5
wp		: yes
flags		: fpu vme de pse tsc msr pae mce cx8 apic sep mtrr pge mca cmov pat pse36 clflush mmx fxsr sse sse2 ht syscall nx mmxext fxsr_opt pdpe1gb rdtscp lm 3dnowext 3dnow constant_tsc rep_good nopl nonstop_tsc extd_apicid pni monitor cx16 popcnt lahf_lm cmp_legacy svm extapic cr8_legacy abm sse4a 3dnowprefetch osvw ibs skinit wdt nodeid_msr hw_pstate npt lbrv svm_lock nrip_save
bogomips	: 4588.49
TLB size	: 1024 4K pages
clflush size	: 64
cache_alignment	: 64
address sizes	: 48 bits physical, 48 bits virtual
power management: ts ttp tm stc 100mhzsteps hwpstate



Memory: 4k page, physical 2820472k(94612k free), swap 2877436k(2866116k free)

vm_info: Java HotSpot(TM) 64-Bit Server VM (23.21-b01) for linux-amd64 JRE (1.7.0_21-b11), built on Apr  4 2013 04:03:29 by "java_re" with gcc 4.3.0 20080428 (Red Hat 4.3.0-8)

time: Sat Apr 20 15:27:30 2013
elapsed time: 5296 seconds

