#
# A fatal error has been detected by the Java Runtime Environment:
#
#  SIGSEGV (0xb) at pc=0x00007f6bd803dabe, pid=12176, tid=140101096404736
#
# JRE version: 7.0_21-b11
# Java VM: Java HotSpot(TM) 64-Bit Server VM (23.21-b01 mixed mode linux-amd64 compressed oops)
# Problematic frame:
# V  [libjvm.so+0x5d2abe]  JNIHandles::checked_resolve_jmethod_id(_jmethodID*)+0xe
#
# Failed to write core dump. Core dumps have been disabled. To enable core dumping, try "ulimit -c unlimited" before starting Java again
#
# If you would like to submit a bug report, please visit:
#   http://bugreport.sun.com/bugreport/crash.jsp
#

---------------  T H R E A D  ---------------

Current thread (0x00007f6bd00f2800):  JavaThread "JDWP Transport Listener: dt_socket" daemon [_thread_in_vm, id=12190, stack(0x00007f6bd4057000,0x00007f6bd4158000)]

siginfo:si_signo=SIGSEGV: si_errno=0, si_code=128 (), si_addr=0x0000000000000000

Registers:
RAX=0x0000000000000001, RBX=0x00007f6bd0004c30, RCX=0x00007f6bd91852e0, RDX=0x00007f6bd87678a0
RSP=0x00007f6bd4156700, RBP=0x00007f6bd4156710, RSI=0x00007f6bd00f2800, RDI=0x6a4c293b676e6972
R8 =0x0000000000000028, R9 =0x0000000000000000, R10=0x0000000000532f67, R11=0x676e697274000000
R12=0x0000000000000017, R13=0x6a4c293b676e6972, R14=0x00007f6bd00f2800, R15=0x00007f6bd4156817
RIP=0x00007f6bd803dabe, EFLAGS=0x0000000000010206, CSGSFS=0x0000000000000033, ERR=0x0000000000000000
  TRAPNO=0x000000000000000d

Top of Stack: (sp=0x00007f6bd4156700)
0x00007f6bd4156700:   0000000000000074 00007f6bd0004c30
0x00007f6bd4156710:   00007f6bd4156780 00007f6bd802f8ee
0x00007f6bd4156720:   00007f6bb0006b40 00007f6bd4156730
0x00007f6bd4156730:   00007f6bd00f2800 0000000000000000
0x00007f6bd4156740:   00007f6b00000000 0000000000000000
0x00007f6bd4156750:   00007f6bd4156880 00007f6bd712de40
0x00007f6bd4156760:   6a4c293b676e6972 00007f6bd4156817
0x00007f6bd4156770:   000000000000000a 00007f6bd4156817
0x00007f6bd4156780:   00007f6bd41567b0 00007f6bd6f192f2
0x00007f6bd4156790:   00007f6bd41567b0 6a4c293b676e6972
0x00007f6bd41567a0:   00007f6bd4156880 0000000000000050
0x00007f6bd41567b0:   00007f6bd4156840 00007f6bd6efa980
0x00007f6bd41567c0:   00007f6bd41567f8 00007f6bd41567f0
0x00007f6bd41567d0:   00007f6bd41567e8 00007f6bd415680c
0x00007f6bd41567e0:   00000001b00049d0 0000000000000000
0x00007f6bd41567f0:   0000000000000000 0000000000000000
0x00007f6bd4156800:   00007f6bb0006a60 0000000ad4156880
0x00007f6bd4156810:   000000000000000b 0000000000000002
0x00007f6bd4156820:   000000000000000f 0000000000000002
0x00007f6bd4156830:   00000000000f0200 000000000000000f
0x00007f6bd4156840:   00007f6bd4156a90 00007f6bd6f05806
0x00007f6bd4156850:   00001dfe00000013 00007f6bd80f0200
0x00007f6bd4156860:   00007f6ba8000ba0 00007f6bd00f3b50
0x00007f6bd4156870:   00007f6bd4156880 00007f6bd4156a10
0x00007f6bd4156880:   00007f6bb0006f61 00007f6b00000117
0x00007f6bd4156890:   00007f6bb00068a0 00007f6b0000012c
0x00007f6bd41568a0:   00007f6bd41568d0 00007f6bb00068a0
0x00007f6bd41568b0:   00007f0000000000 00001dfe00000051
0x00007f6bd41568c0:   00007f6b00006880 00007f6bd41568d0
0x00007f6bd41568d0:   6b7f00000b000000 06000000602d0ad0
0x00007f6bd41568e0:   00003e74696e693c 0000005629280300
0x00007f6bd41568f0:   7f00000100000000 000000a82d0ad06b 

Instructions: (pc=0x00007f6bd803dabe)
0x00007f6bd803da9e:   00 00 4c 89 f7 e8 58 88 1f 00 e9 4f ff ff ff 90
0x00007f6bd803daae:   90 90 55 48 89 e5 53 48 83 ec 08 48 85 ff 74 3c
0x00007f6bd803dabe:   48 8b 1f 48 85 db 74 34 48 b8 fe fe fe fe fe fe
0x00007f6bd803dace:   fe fe 48 39 c3 74 25 48 8b 05 b4 31 6f 00 80 38 

Register to memory mapping:

RAX=0x0000000000000001 is an unknown value
RBX=0x00007f6bd0004c30 is an unknown value
RCX=0x00007f6bd91852e0: <offset 0x2182e0> in /lib/x86_64-linux-gnu/libpthread.so.0 at 0x00007f6bd8f6d000
RDX=0x00007f6bd87678a0: <offset 0xcfc8a0> in /usr/lib/jvm/java-7-oracle/jre/lib/amd64/server/libjvm.so at 0x00007f6bd7a6b000
RSP=0x00007f6bd4156700 is pointing into the stack for thread: 0x00007f6bd00f2800
RBP=0x00007f6bd4156710 is pointing into the stack for thread: 0x00007f6bd00f2800
RSI=0x00007f6bd00f2800 is a thread
RDI=0x6a4c293b676e6972 is an unknown value
R8 =0x0000000000000028 is an unknown value
R9 =0x0000000000000000 is an unknown value
R10=0x0000000000532f67 is an unknown value
R11=0x676e697274000000 is an unknown value
R12=0x0000000000000017 is an unknown value
R13=0x6a4c293b676e6972 is an unknown value
R14=0x00007f6bd00f2800 is a thread
R15=0x00007f6bd4156817 is pointing into the stack for thread: 0x00007f6bd00f2800


Stack: [0x00007f6bd4057000,0x00007f6bd4158000],  sp=0x00007f6bd4156700,  free space=1021k
Native frames: (J=compiled Java code, j=interpreted, Vv=VM code, C=native code)
V  [libjvm.so+0x5d2abe]  JNIHandles::checked_resolve_jmethod_id(_jmethodID*)+0xe
V  [libjvm.so+0x5c48ee]  jvmti_IsMethodSynthetic+0x22e
C  [libjdwp.so+0x252f2]  isMethodSynthetic+0x42
C  [libjdwp.so+0x6980]  methods1+0x1b0
C  [libjdwp.so+0x11806]  debugLoop_run+0x2b6
C  [libjdwp.so+0x2422f]  attachThread+0x2f
V  [libjvm.so+0x627487]  JvmtiAgentThread::call_start_function()+0x97
V  [libjvm.so+0x867578]  JavaThread::thread_main_inner()+0xc8
V  [libjvm.so+0x8676c8]  JavaThread::run()+0x138
V  [libjvm.so+0x749010]  java_start(Thread*)+0x100


---------------  P R O C E S S  ---------------

Java Threads: ( => current thread )
  0x00007f6bd00fd800 JavaThread "Service Thread" daemon [_thread_blocked, id=12198, stack(0x00007f6bcb0d7000,0x00007f6bcb1d8000)]
  0x00007f6bd00fb800 JavaThread "C2 CompilerThread1" daemon [_thread_blocked, id=12197, stack(0x00007f6bcb1d8000,0x00007f6bcb2d9000)]
  0x00007f6bd00f8800 JavaThread "C2 CompilerThread0" daemon [_thread_blocked, id=12196, stack(0x00007f6bcb2d9000,0x00007f6bcb3da000)]
  0x00007f6bb0001000 JavaThread "JDWP Command Reader" daemon [_thread_in_native, id=12194, stack(0x00007f6bcb3da000,0x00007f6bcb4db000)]
  0x00007f6bd00f6000 JavaThread "JDWP Event Helper Thread" daemon [_thread_blocked, id=12193, stack(0x00007f6bcb4db000,0x00007f6bcb5dc000)]
=>0x00007f6bd00f2800 JavaThread "JDWP Transport Listener: dt_socket" daemon [_thread_in_vm, id=12190, stack(0x00007f6bd4057000,0x00007f6bd4158000)]
  0x00007f6bd00e6000 JavaThread "Signal Dispatcher" daemon [_thread_blocked, id=12188, stack(0x00007f6bd4158000,0x00007f6bd4259000)]
  0x00007f6bd009a000 JavaThread "Finalizer" daemon [_thread_blocked, id=12187, stack(0x00007f6bd4259000,0x00007f6bd435a000)]
  0x00007f6bd0097800 JavaThread "Reference Handler" daemon [_thread_blocked, id=12186, stack(0x00007f6bd435a000,0x00007f6bd445b000)]
  0x00007f6bd000b000 JavaThread "main" [_thread_blocked, id=12178, stack(0x00007f6bd928b000,0x00007f6bd938c000)]

Other Threads:
  0x00007f6bd0090000 VMThread [stack: 0x00007f6bd445b000,0x00007f6bd455c000] [id=12185]
  0x00007f6bd0108000 WatcherThread [stack: 0x00007f6bcafd6000,0x00007f6bcb0d7000] [id=12199]

VM state:not at safepoint (normal execution)

VM Mutex/Monitor currently owned by a thread: None

Heap
 PSYoungGen      total 12864K, used 897K [0x00000000f1a00000, 0x00000000f2850000, 0x0000000100000000)
  eden space 11072K, 8% used [0x00000000f1a00000,0x00000000f1ae0530,0x00000000f24d0000)
  from space 1792K, 0% used [0x00000000f2690000,0x00000000f2690000,0x00000000f2850000)
  to   space 1792K, 0% used [0x00000000f24d0000,0x00000000f24d0000,0x00000000f2690000)
 ParOldGen       total 29440K, used 0K [0x00000000d4e00000, 0x00000000d6ac0000, 0x00000000f1a00000)
  object space 29440K, 0% used [0x00000000d4e00000,0x00000000d4e00000,0x00000000d6ac0000)
 PSPermGen       total 21248K, used 2925K [0x00000000cfc00000, 0x00000000d10c0000, 0x00000000d4e00000)
  object space 21248K, 13% used [0x00000000cfc00000,0x00000000cfedb728,0x00000000d10c0000)

Card table byte_map: [0x00007f6bd5a36000,0x00007f6bd5bb9000] byte_map_base: 0x00007f6bd53b8000

Polling page: 0x00007f6bd93a9000

Code Cache  [0x00007f6bcd000000, 0x00007f6bcd270000, 0x00007f6bd0000000)
 total_blobs=154 nmethods=0 adapters=130 free_code_cache=48779Kb largest_free_block=49950144

Compilation events (0 events):
No events

GC Heap History (0 events):
No events

Deoptimization events (0 events):
No events

Internal exceptions (7 events):
Event: 0.057 Thread 0x00007f6bd000b000 Threw 0x00000000f1a061b0 at /HUDSON/workspace/jdk7u21-2-build-linux-amd64-product/jdk7u21/hotspot/src/share/vm/prims/jni.cpp:3994
Event: 0.138 Thread 0x00007f6bd000b000 Threw 0x00000000f1a48b90 at /HUDSON/workspace/jdk7u21-2-build-linux-amd64-product/jdk7u21/hotspot/src/share/vm/prims/jvm.cpp:1166
Event: 0.155 Thread 0x00007f6bd000b000 Threw 0x00000000f1a50238 at /HUDSON/workspace/jdk7u21-2-build-linux-amd64-product/jdk7u21/hotspot/src/share/vm/prims/jvm.cpp:1166
Event: 0.157 Thread 0x00007f6bd000b000 Threw 0x00000000f1a5d648 at /HUDSON/workspace/jdk7u21-2-build-linux-amd64-product/jdk7u21/hotspot/src/share/vm/prims/jvm.cpp:1166
Event: 0.159 Thread 0x00007f6bd000b000 Threw 0x00000000f1a5fb58 at /HUDSON/workspace/jdk7u21-2-build-linux-amd64-product/jdk7u21/hotspot/src/share/vm/prims/jvm.cpp:1166
Event: 0.163 Thread 0x00007f6bd000b000 Threw 0x00000000f1a63f90 at /HUDSON/workspace/jdk7u21-2-build-linux-amd64-product/jdk7u21/hotspot/src/share/vm/prims/jvm.cpp:1166
Event: 0.165 Thread 0x00007f6bd000b000 Threw 0x00000000f1a692f8 at /HUDSON/workspace/jdk7u21-2-build-linux-amd64-product/jdk7u21/hotspot/src/share/vm/prims/jvm.cpp:1166

Events (10 events):
Event: 4870.479 Executing VM operation: EnterInterpOnlyMode
Event: 4870.479 Executing VM operation: EnterInterpOnlyMode done
Event: 4870.479 Executing VM operation: GetCurrentLocation
Event: 4870.479 Executing VM operation: GetCurrentLocation done
Event: 4870.479 Executing VM operation: ChangeSingleStep
Event: 4870.479 Executing VM operation: ChangeSingleStep done
Event: 4870.480 Executing VM operation: ChangeSingleStep
Event: 4870.480 Executing VM operation: ChangeSingleStep done
Event: 5397.470 Executing VM operation: RedefineClasses
Event: 5397.470 Executing VM operation: RedefineClasses done


Dynamic libraries:
00400000-00401000 r-xp 00000000 08:05 275077                             /usr/lib/jvm/java-7-oracle/bin/java
00600000-00601000 rw-p 00000000 08:05 275077                             /usr/lib/jvm/java-7-oracle/bin/java
01df6000-01e17000 rw-p 00000000 00:00 0                                  [heap]
cfc00000-d10c0000 rw-p 00000000 00:00 0 
d10c0000-d4e00000 rw-p 00000000 00:00 0 
d4e00000-d6ac0000 rw-p 00000000 00:00 0 
d6ac0000-f1a00000 rw-p 00000000 00:00 0 
f1a00000-f2850000 rw-p 00000000 00:00 0 
f2850000-100000000 rw-p 00000000 00:00 0 
7f6b94000000-7f6b94021000 rw-p 00000000 00:00 0 
7f6b94021000-7f6b98000000 ---p 00000000 00:00 0 
7f6b98000000-7f6b98021000 rw-p 00000000 00:00 0 
7f6b98021000-7f6b9c000000 ---p 00000000 00:00 0 
7f6b9c000000-7f6b9c021000 rw-p 00000000 00:00 0 
7f6b9c021000-7f6ba0000000 ---p 00000000 00:00 0 
7f6ba0000000-7f6ba0021000 rw-p 00000000 00:00 0 
7f6ba0021000-7f6ba4000000 ---p 00000000 00:00 0 
7f6ba4000000-7f6ba4021000 rw-p 00000000 00:00 0 
7f6ba4021000-7f6ba8000000 ---p 00000000 00:00 0 
7f6ba8000000-7f6ba8021000 rw-p 00000000 00:00 0 
7f6ba8021000-7f6bac000000 ---p 00000000 00:00 0 
7f6bac000000-7f6bac021000 rw-p 00000000 00:00 0 
7f6bac021000-7f6bb0000000 ---p 00000000 00:00 0 
7f6bb0000000-7f6bb0021000 rw-p 00000000 00:00 0 
7f6bb0021000-7f6bb4000000 ---p 00000000 00:00 0 
7f6bb4000000-7f6bb4021000 rw-p 00000000 00:00 0 
7f6bb4021000-7f6bb8000000 ---p 00000000 00:00 0 
7f6bb8000000-7f6bb8021000 rw-p 00000000 00:00 0 
7f6bb8021000-7f6bbc000000 ---p 00000000 00:00 0 
7f6bbc000000-7f6bbc021000 rw-p 00000000 00:00 0 
7f6bbc021000-7f6bc0000000 ---p 00000000 00:00 0 
7f6bc0000000-7f6bc0021000 rw-p 00000000 00:00 0 
7f6bc0021000-7f6bc4000000 ---p 00000000 00:00 0 
7f6bc4000000-7f6bc4021000 rw-p 00000000 00:00 0 
7f6bc4021000-7f6bc8000000 ---p 00000000 00:00 0 
7f6bcadde000-7f6bcafd6000 rw-p 00000000 00:00 0 
7f6bcafd6000-7f6bcafd7000 ---p 00000000 00:00 0 
7f6bcafd7000-7f6bcb0d7000 rw-p 00000000 00:00 0                          [stack:12199]
7f6bcb0d7000-7f6bcb0da000 ---p 00000000 00:00 0 
7f6bcb0da000-7f6bcb1d8000 rw-p 00000000 00:00 0                          [stack:12198]
7f6bcb1d8000-7f6bcb1db000 ---p 00000000 00:00 0 
7f6bcb1db000-7f6bcb2d9000 rw-p 00000000 00:00 0                          [stack:12197]
7f6bcb2d9000-7f6bcb2dc000 ---p 00000000 00:00 0 
7f6bcb2dc000-7f6bcb3da000 rw-p 00000000 00:00 0                          [stack:12196]
7f6bcb3da000-7f6bcb3dd000 ---p 00000000 00:00 0 
7f6bcb3dd000-7f6bcb4db000 rw-p 00000000 00:00 0                          [stack:12194]
7f6bcb4db000-7f6bcb4de000 ---p 00000000 00:00 0 
7f6bcb4de000-7f6bcb5dc000 rw-p 00000000 00:00 0                          [stack:12193]
7f6bcb5dc000-7f6bcb5e0000 r-xp 00000000 08:05 2642396                    /usr/lib/jvm/java-7-oracle/jre/lib/amd64/libdt_socket.so
7f6bcb5e0000-7f6bcb7df000 ---p 00004000 08:05 2642396                    /usr/lib/jvm/java-7-oracle/jre/lib/amd64/libdt_socket.so
7f6bcb7df000-7f6bcb7e0000 rw-p 00003000 08:05 2642396                    /usr/lib/jvm/java-7-oracle/jre/lib/amd64/libdt_socket.so
7f6bcb7e0000-7f6bcd000000 rw-p 00000000 00:00 0 
7f6bcd000000-7f6bcd270000 rwxp 00000000 00:00 0 
7f6bcd270000-7f6bd013a000 rw-p 00000000 00:00 0 
7f6bd013a000-7f6bd4000000 ---p 00000000 00:00 0 
7f6bd4057000-7f6bd405a000 ---p 00000000 00:00 0 
7f6bd405a000-7f6bd4158000 rw-p 00000000 00:00 0                          [stack:12190]
7f6bd4158000-7f6bd415b000 ---p 00000000 00:00 0 
7f6bd415b000-7f6bd4259000 rw-p 00000000 00:00 0                          [stack:12188]
7f6bd4259000-7f6bd425c000 ---p 00000000 00:00 0 
7f6bd425c000-7f6bd435a000 rw-p 00000000 00:00 0                          [stack:12187]
7f6bd435a000-7f6bd435d000 ---p 00000000 00:00 0 
7f6bd435d000-7f6bd445b000 rw-p 00000000 00:00 0                          [stack:12186]
7f6bd445b000-7f6bd445c000 ---p 00000000 00:00 0 
7f6bd445c000-7f6bd4f38000 rw-p 00000000 00:00 0                          [stack:12185]
7f6bd4f38000-7f6bd50f5000 r--s 039de000 08:05 2642370                    /usr/lib/jvm/java-7-oracle/jre/lib/rt.jar
7f6bd50f5000-7f6bd5725000 rw-p 00000000 00:00 0 
7f6bd5725000-7f6bd5726000 ---p 00000000 00:00 0 
7f6bd5726000-7f6bd5826000 rw-p 00000000 00:00 0                          [stack:12184]
7f6bd5826000-7f6bd5827000 ---p 00000000 00:00 0 
7f6bd5827000-7f6bd5932000 rw-p 00000000 00:00 0                          [stack:12182]
7f6bd5932000-7f6bd5950000 rw-p 00000000 00:00 0 
7f6bd5950000-7f6bd595f000 rw-p 00000000 00:00 0 
7f6bd595f000-7f6bd5a36000 rw-p 00000000 00:00 0 
7f6bd5a36000-7f6bd5a41000 rw-p 00000000 00:00 0 
7f6bd5a41000-7f6bd5a5f000 rw-p 00000000 00:00 0 
7f6bd5a5f000-7f6bd5a6e000 rw-p 00000000 00:00 0 
7f6bd5a6e000-7f6bd5b45000 rw-p 00000000 00:00 0 
7f6bd5b45000-7f6bd5b4d000 rw-p 00000000 00:00 0 
7f6bd5b4d000-7f6bd5bb8000 rw-p 00000000 00:00 0 
7f6bd5bb8000-7f6bd5bb9000 rw-p 00000000 00:00 0 
7f6bd5bb9000-7f6bd5bd3000 r-xp 00000000 08:05 2642414                    /usr/lib/jvm/java-7-oracle/jre/lib/amd64/libzip.so
7f6bd5bd3000-7f6bd5dd3000 ---p 0001a000 08:05 2642414                    /usr/lib/jvm/java-7-oracle/jre/lib/amd64/libzip.so
7f6bd5dd3000-7f6bd5dd4000 rw-p 0001a000 08:05 2642414                    /usr/lib/jvm/java-7-oracle/jre/lib/amd64/libzip.so
7f6bd5dd4000-7f6bd5de0000 r-xp 00000000 08:05 2367738                    /lib/x86_64-linux-gnu/libnss_files-2.15.so
7f6bd5de0000-7f6bd5fdf000 ---p 0000c000 08:05 2367738                    /lib/x86_64-linux-gnu/libnss_files-2.15.so
7f6bd5fdf000-7f6bd5fe0000 r--p 0000b000 08:05 2367738                    /lib/x86_64-linux-gnu/libnss_files-2.15.so
7f6bd5fe0000-7f6bd5fe1000 rw-p 0000c000 08:05 2367738                    /lib/x86_64-linux-gnu/libnss_files-2.15.so
7f6bd5fe1000-7f6bd5feb000 r-xp 00000000 08:05 2367742                    /lib/x86_64-linux-gnu/libnss_nis-2.15.so
7f6bd5feb000-7f6bd61eb000 ---p 0000a000 08:05 2367742                    /lib/x86_64-linux-gnu/libnss_nis-2.15.so
7f6bd61eb000-7f6bd61ec000 r--p 0000a000 08:05 2367742                    /lib/x86_64-linux-gnu/libnss_nis-2.15.so
7f6bd61ec000-7f6bd61ed000 rw-p 0000b000 08:05 2367742                    /lib/x86_64-linux-gnu/libnss_nis-2.15.so
7f6bd61ed000-7f6bd6204000 r-xp 00000000 08:05 2367732                    /lib/x86_64-linux-gnu/libnsl-2.15.so
7f6bd6204000-7f6bd6403000 ---p 00017000 08:05 2367732                    /lib/x86_64-linux-gnu/libnsl-2.15.so
7f6bd6403000-7f6bd6404000 r--p 00016000 08:05 2367732                    /lib/x86_64-linux-gnu/libnsl-2.15.so
7f6bd6404000-7f6bd6405000 rw-p 00017000 08:05 2367732                    /lib/x86_64-linux-gnu/libnsl-2.15.so
7f6bd6405000-7f6bd6407000 rw-p 00000000 00:00 0 
7f6bd6407000-7f6bd640f000 r-xp 00000000 08:05 2367734                    /lib/x86_64-linux-gnu/libnss_compat-2.15.so
7f6bd640f000-7f6bd660e000 ---p 00008000 08:05 2367734                    /lib/x86_64-linux-gnu/libnss_compat-2.15.so
7f6bd660e000-7f6bd660f000 r--p 00007000 08:05 2367734                    /lib/x86_64-linux-gnu/libnss_compat-2.15.so
7f6bd660f000-7f6bd6610000 rw-p 00008000 08:05 2367734                    /lib/x86_64-linux-gnu/libnss_compat-2.15.so
7f6bd6610000-7f6bd6cf1000 r--p 00000000 08:05 2502192                    /usr/lib/locale/locale-archive
7f6bd6cf1000-7f6bd6cf4000 r-xp 00000000 08:05 2642431                    /usr/lib/jvm/java-7-oracle/jre/lib/amd64/libnpt.so
7f6bd6cf4000-7f6bd6ef3000 ---p 00003000 08:05 2642431                    /usr/lib/jvm/java-7-oracle/jre/lib/amd64/libnpt.so
7f6bd6ef3000-7f6bd6ef4000 rw-p 00002000 08:05 2642431                    /usr/lib/jvm/java-7-oracle/jre/lib/amd64/libnpt.so
7f6bd6ef4000-7f6bd6f2d000 r-xp 00000000 08:05 2642384                    /usr/lib/jvm/java-7-oracle/jre/lib/amd64/libjdwp.so
7f6bd6f2d000-7f6bd712c000 ---p 00039000 08:05 2642384                    /usr/lib/jvm/java-7-oracle/jre/lib/amd64/libjdwp.so
7f6bd712c000-7f6bd712e000 rw-p 00038000 08:05 2642384                    /usr/lib/jvm/java-7-oracle/jre/lib/amd64/libjdwp.so
7f6bd712e000-7f6bd7157000 r-xp 00000000 08:05 2642424                    /usr/lib/jvm/java-7-oracle/jre/lib/amd64/libjava.so
7f6bd7157000-7f6bd7357000 ---p 00029000 08:05 2642424                    /usr/lib/jvm/java-7-oracle/jre/lib/amd64/libjava.so
7f6bd7357000-7f6bd7359000 rw-p 00029000 08:05 2642424                    /usr/lib/jvm/java-7-oracle/jre/lib/amd64/libjava.so
7f6bd7359000-7f6bd7366000 r-xp 00000000 08:05 2642382                    /usr/lib/jvm/java-7-oracle/jre/lib/amd64/libverify.so
7f6bd7366000-7f6bd7565000 ---p 0000d000 08:05 2642382                    /usr/lib/jvm/java-7-oracle/jre/lib/amd64/libverify.so
7f6bd7565000-7f6bd7567000 rw-p 0000c000 08:05 2642382                    /usr/lib/jvm/java-7-oracle/jre/lib/amd64/libverify.so
7f6bd7567000-7f6bd756e000 r-xp 00000000 08:05 2367777                    /lib/x86_64-linux-gnu/librt-2.15.so
7f6bd756e000-7f6bd776d000 ---p 00007000 08:05 2367777                    /lib/x86_64-linux-gnu/librt-2.15.so
7f6bd776d000-7f6bd776e000 r--p 00006000 08:05 2367777                    /lib/x86_64-linux-gnu/librt-2.15.so
7f6bd776e000-7f6bd776f000 rw-p 00007000 08:05 2367777                    /lib/x86_64-linux-gnu/librt-2.15.so
7f6bd776f000-7f6bd786a000 r-xp 00000000 08:05 2367715                    /lib/x86_64-linux-gnu/libm-2.15.so
7f6bd786a000-7f6bd7a69000 ---p 000fb000 08:05 2367715                    /lib/x86_64-linux-gnu/libm-2.15.so
7f6bd7a69000-7f6bd7a6a000 r--p 000fa000 08:05 2367715                    /lib/x86_64-linux-gnu/libm-2.15.so
7f6bd7a6a000-7f6bd7a6b000 rw-p 000fb000 08:05 2367715                    /lib/x86_64-linux-gnu/libm-2.15.so
7f6bd7a6b000-7f6bd84b5000 r-xp 00000000 08:05 2770744                    /usr/lib/jvm/java-7-oracle/jre/lib/amd64/server/libjvm.so
7f6bd84b5000-7f6bd86b4000 ---p 00a4a000 08:05 2770744                    /usr/lib/jvm/java-7-oracle/jre/lib/amd64/server/libjvm.so
7f6bd86b4000-7f6bd8758000 rw-p 00a49000 08:05 2770744                    /usr/lib/jvm/java-7-oracle/jre/lib/amd64/server/libjvm.so
7f6bd8758000-7f6bd8793000 rw-p 00000000 00:00 0 
7f6bd8793000-7f6bd8948000 r-xp 00000000 08:05 2367673                    /lib/x86_64-linux-gnu/libc-2.15.so
7f6bd8948000-7f6bd8b47000 ---p 001b5000 08:05 2367673                    /lib/x86_64-linux-gnu/libc-2.15.so
7f6bd8b47000-7f6bd8b4b000 r--p 001b4000 08:05 2367673                    /lib/x86_64-linux-gnu/libc-2.15.so
7f6bd8b4b000-7f6bd8b4d000 rw-p 001b8000 08:05 2367673                    /lib/x86_64-linux-gnu/libc-2.15.so
7f6bd8b4d000-7f6bd8b52000 rw-p 00000000 00:00 0 
7f6bd8b52000-7f6bd8b54000 r-xp 00000000 08:05 2367688                    /lib/x86_64-linux-gnu/libdl-2.15.so
7f6bd8b54000-7f6bd8d54000 ---p 00002000 08:05 2367688                    /lib/x86_64-linux-gnu/libdl-2.15.so
7f6bd8d54000-7f6bd8d55000 r--p 00002000 08:05 2367688                    /lib/x86_64-linux-gnu/libdl-2.15.so
7f6bd8d55000-7f6bd8d56000 rw-p 00003000 08:05 2367688                    /lib/x86_64-linux-gnu/libdl-2.15.so
7f6bd8d56000-7f6bd8d6c000 r-xp 00000000 08:05 2770738                    /usr/lib/jvm/java-7-oracle/jre/lib/amd64/jli/libjli.so
7f6bd8d6c000-7f6bd8f6c000 ---p 00016000 08:05 2770738                    /usr/lib/jvm/java-7-oracle/jre/lib/amd64/jli/libjli.so
7f6bd8f6c000-7f6bd8f6d000 rw-p 00016000 08:05 2770738                    /usr/lib/jvm/java-7-oracle/jre/lib/amd64/jli/libjli.so
7f6bd8f6d000-7f6bd8f85000 r-xp 00000000 08:05 2367769                    /lib/x86_64-linux-gnu/libpthread-2.15.so
7f6bd8f85000-7f6bd9184000 ---p 00018000 08:05 2367769                    /lib/x86_64-linux-gnu/libpthread-2.15.so
7f6bd9184000-7f6bd9185000 r--p 00017000 08:05 2367769                    /lib/x86_64-linux-gnu/libpthread-2.15.so
7f6bd9185000-7f6bd9186000 rw-p 00018000 08:05 2367769                    /lib/x86_64-linux-gnu/libpthread-2.15.so
7f6bd9186000-7f6bd918a000 rw-p 00000000 00:00 0 
7f6bd918a000-7f6bd91ac000 r-xp 00000000 08:05 2367651                    /lib/x86_64-linux-gnu/ld-2.15.so
7f6bd91cb000-7f6bd91d5000 rw-p 00000000 00:00 0 
7f6bd91d5000-7f6bd928b000 rw-p 00000000 00:00 0 
7f6bd928b000-7f6bd928e000 ---p 00000000 00:00 0 
7f6bd928e000-7f6bd9390000 rw-p 00000000 00:00 0                          [stack:12178]
7f6bd939e000-7f6bd93a0000 rw-p 00000000 00:00 0 
7f6bd93a0000-7f6bd93a8000 rw-s 00000000 08:05 2245171                    /tmp/hsperfdata_oleg/12176
7f6bd93a8000-7f6bd93a9000 rw-p 00000000 00:00 0 
7f6bd93a9000-7f6bd93aa000 r--p 00000000 00:00 0 
7f6bd93aa000-7f6bd93ac000 rw-p 00000000 00:00 0 
7f6bd93ac000-7f6bd93ad000 r--p 00022000 08:05 2367651                    /lib/x86_64-linux-gnu/ld-2.15.so
7f6bd93ad000-7f6bd93af000 rw-p 00023000 08:05 2367651                    /lib/x86_64-linux-gnu/ld-2.15.so
7fffc1b5c000-7fffc1b7d000 rw-p 00000000 00:00 0                          [stack]
7fffc1b8f000-7fffc1b90000 r-xp 00000000 00:00 0                          [vdso]
ffffffffff600000-ffffffffff601000 r-xp 00000000 00:00 0                  [vsyscall]

VM Arguments:
jvm_args: -agentlib:jdwp=transport=dt_socket,suspend=y,address=localhost:60851 -Dfile.encoding=UTF-8 
java_command: dotbot.compiler
Launcher Type: SUN_STANDARD

Environment Variables:
PATH=/usr/local/sbin:/usr/local/bin:/usr/sbin:/usr/bin:/sbin:/bin:/usr/games:/usr/local/games
USERNAME=oleg
SHELL=/bin/bash
DISPLAY=:0

Signal Handlers:
SIGSEGV: [libjvm.so+0x8a80e0], sa_mask[0]=0x7ffbfeff, sa_flags=0x10000004
SIGBUS: [libjvm.so+0x8a80e0], sa_mask[0]=0x7ffbfeff, sa_flags=0x10000004
SIGFPE: [libjvm.so+0x744170], sa_mask[0]=0x7ffbfeff, sa_flags=0x10000004
SIGPIPE: [libjvm.so+0x744170], sa_mask[0]=0x7ffbfeff, sa_flags=0x10000004
SIGXFSZ: [libjvm.so+0x744170], sa_mask[0]=0x7ffbfeff, sa_flags=0x10000004
SIGILL: [libjvm.so+0x744170], sa_mask[0]=0x7ffbfeff, sa_flags=0x10000004
SIGUSR1: SIG_DFL, sa_mask[0]=0x00000000, sa_flags=0x00000000
SIGUSR2: [libjvm.so+0x743ac0], sa_mask[0]=0x00000004, sa_flags=0x10000004
SIGHUP: [libjvm.so+0x745e50], sa_mask[0]=0x7ffbfeff, sa_flags=0x10000004
SIGINT: [libjvm.so+0x745e50], sa_mask[0]=0x7ffbfeff, sa_flags=0x10000004
SIGTERM: [libjvm.so+0x745e50], sa_mask[0]=0x7ffbfeff, sa_flags=0x10000004
SIGQUIT: [libjvm.so+0x745e50], sa_mask[0]=0x7ffbfeff, sa_flags=0x10000004


---------------  S Y S T E M  ---------------

OS:wheezy/sid

uname:Linux 3.5.0-17-generic #28-Ubuntu SMP Tue Oct 9 19:31:23 UTC 2012 x86_64
libc:glibc 2.15 NPTL 2.15 
rlimit: STACK 8192k, CORE 0k, NPROC 21891, NOFILE 4096, AS infinity
load average:0.34 0.26 0.32

/proc/meminfo:
MemTotal:        2820472 kB
MemFree:           86388 kB
Buffers:          101252 kB
Cached:           970576 kB
SwapCached:         4332 kB
Active:          1635708 kB
Inactive:         897908 kB
Active(anon):    1104608 kB
Inactive(anon):   368568 kB
Active(file):     531100 kB
Inactive(file):   529340 kB
Unevictable:          32 kB
Mlocked:              32 kB
SwapTotal:       2877436 kB
SwapFree:        2866396 kB
Dirty:               220 kB
Writeback:             0 kB
AnonPages:       1458144 kB
Mapped:           220640 kB
Shmem:             11324 kB
Slab:             107164 kB
SReclaimable:      82424 kB
SUnreclaim:        24740 kB
KernelStack:        4640 kB
PageTables:        32492 kB
NFS_Unstable:          0 kB
Bounce:                0 kB
WritebackTmp:          0 kB
CommitLimit:     4287672 kB
Committed_AS:    4319836 kB
VmallocTotal:   34359738367 kB
VmallocUsed:       43840 kB
VmallocChunk:   34359691644 kB
HardwareCorrupted:     0 kB
AnonHugePages:         0 kB
HugePages_Total:       0
HugePages_Free:        0
HugePages_Rsvd:        0
HugePages_Surp:        0
Hugepagesize:       2048 kB
DirectMap4k:       48128 kB
DirectMap2M:      737280 kB
DirectMap1G:     1048576 kB


CPU:total 2 (2 cores per cpu, 1 threads per core) family 16 model 6 stepping 3, cmov, cx8, fxsr, mmx, sse, sse2, sse3, popcnt, mmxext, 3dnowpref, lzcnt, tsc, tscinvbit, tscinv

/proc/cpuinfo:
processor	: 0
vendor_id	: AuthenticAMD
cpu family	: 16
model		: 6
model name	: AMD Athlon(tm) II P360 Dual-Core Processor
stepping	: 3
microcode	: 0x10000c8
cpu MHz		: 2300.000
cache size	: 512 KB
physical id	: 0
siblings	: 2
core id		: 0
cpu cores	: 2
apicid		: 0
initial apicid	: 0
fpu		: yes
fpu_exception	: yes
cpuid level	: 5
wp		: yes
flags		: fpu vme de pse tsc msr pae mce cx8 apic sep mtrr pge mca cmov pat pse36 clflush mmx fxsr sse sse2 ht syscall nx mmxext fxsr_opt pdpe1gb rdtscp lm 3dnowext 3dnow constant_tsc rep_good nopl nonstop_tsc extd_apicid pni monitor cx16 popcnt lahf_lm cmp_legacy svm extapic cr8_legacy abm sse4a 3dnowprefetch osvw ibs skinit wdt nodeid_msr hw_pstate npt lbrv svm_lock nrip_save
bogomips	: 4588.49
TLB size	: 1024 4K pages
clflush size	: 64
cache_alignment	: 64
address sizes	: 48 bits physical, 48 bits virtual
power management: ts ttp tm stc 100mhzsteps hwpstate

processor	: 1
vendor_id	: AuthenticAMD
cpu family	: 16
model		: 6
model name	: AMD Athlon(tm) II P360 Dual-Core Processor
stepping	: 3
microcode	: 0x10000c8
cpu MHz		: 2300.000
cache size	: 512 KB
physical id	: 0
siblings	: 2
core id		: 1
cpu cores	: 2
apicid		: 1
initial apicid	: 1
fpu		: yes
fpu_exception	: yes
cpuid level	: 5
wp		: yes
flags		: fpu vme de pse tsc msr pae mce cx8 apic sep mtrr pge mca cmov pat pse36 clflush mmx fxsr sse sse2 ht syscall nx mmxext fxsr_opt pdpe1gb rdtscp lm 3dnowext 3dnow constant_tsc rep_good nopl nonstop_tsc extd_apicid pni monitor cx16 popcnt lahf_lm cmp_legacy svm extapic cr8_legacy abm sse4a 3dnowprefetch osvw ibs skinit wdt nodeid_msr hw_pstate npt lbrv svm_lock nrip_save
bogomips	: 4588.49
TLB size	: 1024 4K pages
clflush size	: 64
cache_alignment	: 64
address sizes	: 48 bits physical, 48 bits virtual
power management: ts ttp tm stc 100mhzsteps hwpstate



Memory: 4k page, physical 2820472k(86388k free), swap 2877436k(2866396k free)

vm_info: Java HotSpot(TM) 64-Bit Server VM (23.21-b01) for linux-amd64 JRE (1.7.0_21-b11), built on Apr  4 2013 04:03:29 by "java_re" with gcc 4.3.0 20080428 (Red Hat 4.3.0-8)

time: Sat Apr 20 15:27:27 2013
elapsed time: 5397 seconds

